2024-04-25 13:17:06,556:INFO:No task found in the queue
2024-04-25 13:17:10,569:INFO:No task found in the queue
2024-04-25 13:17:14,585:INFO:No task found in the queue
2024-04-25 13:17:18,600:INFO:No task found in the queue
2024-04-25 13:17:22,611:INFO:No task found in the queue
2024-04-25 13:17:26,622:INFO:No task found in the queue
2024-04-25 13:17:30,633:INFO:No task found in the queue
2024-04-25 13:17:34,649:INFO:No task found in the queue
2024-04-25 13:17:38,667:INFO:No task found in the queue
2024-04-25 13:17:42,679:INFO:No task found in the queue
2024-04-25 13:17:46,693:INFO:No task found in the queue
2024-04-25 13:17:50,706:INFO:No task found in the queue
2024-04-25 13:17:54,719:INFO:No task found in the queue
2024-04-25 13:17:58,732:INFO:No task found in the queue
2024-04-25 13:18:02,744:INFO:No task found in the queue
2024-04-25 13:18:06,758:INFO:No task found in the queue
2024-04-25 13:18:10,769:INFO:No task found in the queue
2024-04-25 13:18:14,781:INFO:No task found in the queue
2024-04-25 13:18:15,783:INFO:Processing task: {'task_id': 1, 'object': 'some_object'}
2024-04-25 13:18:17,832:ERROR:Failed to process task 1: HTTPConnectionPool(host='127.0.0.1', port=8080): Max retries exceeded with url: /analyzers/ (Caused by NewConnectionError('<urllib3.connection.HTTPConnection object at 0x0000025BE248DE80>: Failed to establish a new connection: [WinError 10061] No connection could be made because the target machine actively refused it'))
2024-04-25 13:18:21,902:INFO:No task found in the queue
2024-04-25 13:23:45,854:INFO:Processing task: [{'model': 'tasks.task', 'pk': 4, 'fields': {'object': '3bb24961-ff7f-4de2-bd39-744a81ff4aee', 'title': 'sada', 'description': 'asdasd', 'created_by': 'aasd', 'status': 2, 'creation_ts': '2024-04-25T13:20:00Z', 'completed_ts': '2024-04-25T13:20:00Z', 'verdict': 2, 'analyzer': 4}}]
2024-04-25 13:24:23,570:INFO:Processing task: [{'model': 'tasks.task', 'pk': 5, 'fields': {'object': '2d49c891-618e-489a-8de8-67760b6e3c55', 'title': 'sada', 'description': 'asdasd', 'created_by': 'aasd', 'status': 2, 'creation_ts': '2024-04-25T13:20:00Z', 'completed_ts': '2024-04-25T13:20:00Z', 'verdict': 2, 'analyzer': 4}}]
2024-04-25 13:25:40,306:INFO:Processing task: [{'model': 'tasks.task', 'pk': 6, 'fields': {'object': '9ce4b983-53f8-48fe-8f25-7023ef284b15', 'title': 'sada', 'description': 'asdasd', 'created_by': 'aasd', 'status': 2, 'creation_ts': '2024-04-25T13:20:00Z', 'completed_ts': '2024-04-25T13:20:00Z', 'verdict': 2, 'analyzer': 4}}]
2024-04-25 13:28:08,305:INFO:Processing task: [{'model': 'tasks.task', 'pk': 7, 'fields': {'object': 'deb67e10-9ef4-49ad-925b-0d5c9633b744', 'title': 'sada', 'description': 'asdasd', 'created_by': 'aasd', 'status': 2, 'creation_ts': '2024-04-25T13:20:00Z', 'completed_ts': '2024-04-25T13:20:00Z', 'verdict': 2, 'analyzer': 4}}]
2024-04-25 13:31:45,224:INFO:Processing task: {'task_id': 7, 'object': 'deb67e10-9ef4-49ad-925b-0d5c9633b744', 'title': 'sada', 'description': 'asdasd', 'created_by': 'aasd', 'status': 2, 'creation_ts': '2024-04-25T13:20:00Z', 'completed_ts': '2024-04-25T13:20:00Z', 'verdict': 2, 'analyzer': 4}
2024-04-25 13:31:47,268:ERROR:Failed to process task 7: HTTPConnectionPool(host='127.0.0.1', port=8080): Max retries exceeded with url: /analyzers/ (Caused by NewConnectionError('<urllib3.connection.HTTPConnection object at 0x00000258F8671130>: Failed to establish a new connection: [WinError 10061] No connection could be made because the target machine actively refused it'))
2024-04-25 13:31:51,295:INFO:No task found in the queue
2024-04-25 13:31:55,307:INFO:No task found in the queue
2024-04-25 13:31:59,321:INFO:No task found in the queue
2024-04-25 13:32:03,333:INFO:No task found in the queue
2024-04-25 13:32:07,345:INFO:No task found in the queue
2024-04-25 13:32:11,356:INFO:No task found in the queue
2024-04-25 13:32:21,688:INFO:No task found in the queue
2024-04-25 13:32:25,701:INFO:No task found in the queue
2024-04-25 13:32:29,713:INFO:No task found in the queue
2024-04-25 13:32:33,724:INFO:No task found in the queue
2024-04-25 13:32:37,739:INFO:No task found in the queue
2024-04-25 13:32:41,756:INFO:No task found in the queue
2024-04-25 13:32:45,771:INFO:No task found in the queue
2024-04-25 13:32:49,783:INFO:No task found in the queue
2024-04-25 13:32:53,795:INFO:No task found in the queue
2024-04-25 13:32:57,807:INFO:No task found in the queue
2024-04-25 13:33:01,820:INFO:No task found in the queue
2024-04-25 13:33:05,832:INFO:No task found in the queue
2024-04-25 13:33:09,849:INFO:No task found in the queue
2024-04-25 13:33:13,868:INFO:No task found in the queue
2024-04-25 13:33:17,888:INFO:No task found in the queue
2024-04-25 13:33:21,905:INFO:No task found in the queue
2024-04-25 13:33:25,922:INFO:No task found in the queue
2024-04-25 13:33:29,939:INFO:No task found in the queue
2024-04-25 13:33:33,953:INFO:No task found in the queue
2024-04-25 13:33:37,963:INFO:No task found in the queue
2024-04-25 13:33:41,976:INFO:No task found in the queue
2024-04-25 13:33:44,451:INFO:Processing task: {'task_id': 7, 'object': 'deb67e10-9ef4-49ad-925b-0d5c9633b744', 'title': 'sada', 'description': 'asdasd', 'created_by': 'aasd', 'status': 2, 'creation_ts': '2024-04-25T13:20:00Z', 'completed_ts': '2024-04-25T13:20:00Z', 'verdict': 2, 'analyzer': 4}
2024-04-25 13:33:44,457:ERROR:Failed to process task 7: 415 Client Error: Unsupported Media Type for url: http://127.0.0.1:8000/analyzers/
2024-04-25 13:33:46,155:INFO:Processing task: {'task_id': 7, 'object': 'deb67e10-9ef4-49ad-925b-0d5c9633b744', 'title': 'sada', 'description': 'asdasd', 'created_by': 'aasd', 'status': 2, 'creation_ts': '2024-04-25T13:20:00Z', 'completed_ts': '2024-04-25T13:20:00Z', 'verdict': 2, 'analyzer': 4}
2024-04-25 13:33:46,159:ERROR:Failed to process task 7: 415 Client Error: Unsupported Media Type for url: http://127.0.0.1:8000/analyzers/
2024-04-25 13:33:50,208:INFO:No task found in the queue
2024-04-25 13:33:54,221:INFO:No task found in the queue
2024-04-25 13:33:58,233:INFO:No task found in the queue
2024-04-25 13:34:02,245:INFO:No task found in the queue
2024-04-25 13:34:06,256:INFO:No task found in the queue
2024-04-25 13:34:07,435:INFO:Processing task: {'task_id': 7, 'object': 'deb67e10-9ef4-49ad-925b-0d5c9633b744', 'title': 'sada', 'description': 'asdasd', 'created_by': 'aasd', 'status': 2, 'creation_ts': '2024-04-25T13:20:00Z', 'completed_ts': '2024-04-25T13:20:00Z', 'verdict': 2, 'analyzer': 4}
2024-04-25 13:34:07,439:ERROR:Failed to process task 7: 415 Client Error: Unsupported Media Type for url: http://127.0.0.1:8000/analyzers/
2024-04-25 13:34:11,473:INFO:No task found in the queue
2024-04-25 13:34:15,486:INFO:No task found in the queue
2024-04-25 13:34:19,497:INFO:No task found in the queue
2024-04-25 13:34:23,508:INFO:No task found in the queue
2024-04-25 13:34:27,520:INFO:No task found in the queue
2024-04-25 13:34:31,534:INFO:No task found in the queue
2024-04-25 13:34:35,547:INFO:No task found in the queue
2024-04-25 13:34:39,560:INFO:No task found in the queue
2024-04-25 13:34:52,500:INFO:No task found in the queue
2024-04-25 13:34:56,514:INFO:No task found in the queue
2024-04-25 13:34:59,498:INFO:Processing task: {'task_id': 7, 'object': 'deb67e10-9ef4-49ad-925b-0d5c9633b744', 'title': 'sada', 'description': 'asdasd', 'created_by': 'aasd', 'status': 2, 'creation_ts': '2024-04-25T13:20:00Z', 'completed_ts': '2024-04-25T13:20:00Z', 'verdict': 2, 'analyzer': 4}
2024-04-25 13:35:01,543:ERROR:Failed to process task 7: HTTPConnectionPool(host='127.0.0.1', port=8080): Max retries exceeded with url: /analyzers/ (Caused by NewConnectionError('<urllib3.connection.HTTPConnection object at 0x0000024C9E349AF0>: Failed to establish a new connection: [WinError 10061] No connection could be made because the target machine actively refused it'))
2024-04-25 13:35:05,643:INFO:No task found in the queue
2024-04-25 13:35:09,656:INFO:No task found in the queue
2024-04-25 13:35:13,670:INFO:No task found in the queue
2024-04-25 13:35:17,682:INFO:No task found in the queue
2024-04-25 13:35:21,694:INFO:No task found in the queue
2024-04-25 13:35:25,705:INFO:No task found in the queue
2024-04-25 13:35:29,723:INFO:No task found in the queue
2024-04-25 13:35:33,737:INFO:No task found in the queue
2024-04-25 13:35:37,749:INFO:No task found in the queue
2024-04-25 13:35:41,762:INFO:No task found in the queue
2024-04-25 13:35:45,775:INFO:No task found in the queue
2024-04-25 13:35:49,788:INFO:No task found in the queue
2024-04-25 13:35:53,802:INFO:No task found in the queue
2024-04-25 13:35:57,815:INFO:No task found in the queue
2024-04-25 13:36:01,828:INFO:No task found in the queue
2024-04-25 13:36:05,843:INFO:No task found in the queue
2024-04-25 13:36:09,857:INFO:No task found in the queue
2024-04-25 13:36:13,872:INFO:No task found in the queue
2024-04-25 13:36:17,889:INFO:No task found in the queue
2024-04-25 13:36:21,902:INFO:No task found in the queue
2024-04-25 13:36:25,915:INFO:No task found in the queue
2024-04-25 13:36:29,928:INFO:No task found in the queue
2024-04-25 13:36:33,941:INFO:No task found in the queue
2024-04-25 13:36:37,952:INFO:No task found in the queue
2024-04-25 13:36:41,967:INFO:No task found in the queue
2024-04-25 13:36:45,980:INFO:No task found in the queue
2024-04-25 13:36:54,608:INFO:No task found in the queue
2024-04-25 13:36:55,611:INFO:Processing task: {'task_id': 7, 'object': 'deb67e10-9ef4-49ad-925b-0d5c9633b744', 'title': 'sada', 'description': 'asdasd', 'created_by': 'aasd', 'status': 2, 'creation_ts': '2024-04-25T13:20:00Z', 'completed_ts': '2024-04-25T13:20:00Z', 'verdict': 2, 'analyzer': 4}
2024-04-25 13:36:57,656:ERROR:Failed to process task 7: HTTPConnectionPool(host='127.0.0.1', port=8080): Max retries exceeded with url: /analyzers/ (Caused by NewConnectionError('<urllib3.connection.HTTPConnection object at 0x000001ACED455310>: Failed to establish a new connection: [WinError 10061] No connection could be made because the target machine actively refused it'))
2024-04-25 13:37:01,732:INFO:No task found in the queue
2024-04-25 13:37:05,749:INFO:No task found in the queue
2024-04-25 13:37:09,763:INFO:No task found in the queue
2024-04-25 13:37:40,156:INFO:No task found in the queue
2024-04-25 13:37:44,171:INFO:No task found in the queue
2024-04-25 13:37:45,673:INFO:Processing task: {'task_id': 7, 'object': 'deb67e10-9ef4-49ad-925b-0d5c9633b744', 'title': 'sada', 'description': 'asdasd', 'created_by': 'aasd', 'status': 2, 'creation_ts': '2024-04-25T13:20:00Z', 'completed_ts': '2024-04-25T13:20:00Z', 'verdict': 2, 'analyzer': 4}
2024-04-25 13:37:47,698:ERROR:Failed to process task 7: HTTPConnectionPool(host='127.0.0.1', port=8080): Max retries exceeded with url: /analyzers/ (Caused by NewConnectionError('<urllib3.connection.HTTPConnection object at 0x000002B0EAE7ACC0>: Failed to establish a new connection: [WinError 10061] No connection could be made because the target machine actively refused it'))
2024-04-25 13:37:51,797:INFO:No task found in the queue
2024-04-25 13:37:55,809:INFO:No task found in the queue
2024-04-25 13:37:59,824:INFO:No task found in the queue
2024-04-25 13:38:03,837:INFO:No task found in the queue
2024-04-25 13:38:07,852:INFO:No task found in the queue
2024-04-25 13:38:11,865:INFO:No task found in the queue
2024-04-25 13:38:15,880:INFO:No task found in the queue
2024-04-25 13:38:19,894:INFO:No task found in the queue
2024-04-25 13:38:23,910:INFO:No task found in the queue
2024-04-25 13:38:35,148:INFO:No task found in the queue
2024-04-25 13:38:36,790:INFO:Processing task: {'task_id': 7, 'object': 'deb67e10-9ef4-49ad-925b-0d5c9633b744', 'title': 'sada', 'description': 'asdasd', 'created_by': 'aasd', 'status': 2, 'creation_ts': '2024-04-25T13:20:00Z', 'completed_ts': '2024-04-25T13:20:00Z', 'verdict': 2, 'analyzer': 4}
2024-04-25 13:38:38,820:ERROR:Failed to process task 7: HTTPConnectionPool(host='127.0.0.1', port=8080): Max retries exceeded with url: /analyzers/ (Caused by NewConnectionError('<urllib3.connection.HTTPConnection object at 0x0000022368271100>: Failed to establish a new connection: [WinError 10061] No connection could be made because the target machine actively refused it'))
2024-04-25 13:38:42,876:INFO:No task found in the queue
2024-04-25 13:38:46,889:INFO:No task found in the queue
2024-04-25 13:38:50,903:INFO:No task found in the queue
2024-04-25 13:38:54,915:INFO:No task found in the queue
2024-04-25 13:38:58,927:INFO:No task found in the queue
2024-04-25 13:39:08,960:INFO:No task found in the queue
2024-04-25 13:39:10,990:INFO:Processing task: {'task_id': 7, 'object': 'deb67e10-9ef4-49ad-925b-0d5c9633b744', 'title': 'sada', 'description': 'asdasd', 'created_by': 'aasd', 'status': 2, 'creation_ts': '2024-04-25T13:20:00Z', 'completed_ts': '2024-04-25T13:20:00Z', 'verdict': 2, 'analyzer': 4}
2024-04-25 13:39:13,029:ERROR:Failed to process task 7: HTTPConnectionPool(host='127.0.0.1', port=8080): Max retries exceeded with url: /analyzers/ (Caused by NewConnectionError('<urllib3.connection.HTTPConnection object at 0x0000011DD6701E50>: Failed to establish a new connection: [WinError 10061] No connection could be made because the target machine actively refused it'))
2024-04-25 13:39:17,087:INFO:No task found in the queue
2024-04-25 13:39:21,103:INFO:No task found in the queue
2024-04-25 13:39:25,120:INFO:No task found in the queue
2024-04-25 13:39:29,133:INFO:No task found in the queue
2024-04-25 13:39:33,146:INFO:No task found in the queue
2024-04-25 13:39:37,160:INFO:No task found in the queue
2024-04-25 13:39:41,173:INFO:No task found in the queue
2024-04-25 13:39:45,184:INFO:No task found in the queue
2024-04-25 13:39:49,195:INFO:No task found in the queue
2024-04-25 13:39:53,207:INFO:No task found in the queue
2024-04-25 13:39:57,220:INFO:No task found in the queue
2024-04-25 13:40:01,234:INFO:No task found in the queue
2024-04-25 13:40:05,246:INFO:No task found in the queue
2024-04-25 13:40:09,259:INFO:No task found in the queue
2024-04-25 13:40:13,274:INFO:No task found in the queue
2024-04-25 13:40:17,288:INFO:No task found in the queue
2024-04-25 13:40:21,299:INFO:No task found in the queue
2024-04-25 13:40:25,313:INFO:No task found in the queue
2024-04-25 13:40:29,327:INFO:No task found in the queue
2024-04-25 13:40:33,342:INFO:No task found in the queue
2024-04-25 13:40:37,353:INFO:No task found in the queue
2024-04-25 13:40:41,365:INFO:No task found in the queue
2024-04-25 13:40:50,494:INFO:No task found in the queue
2024-04-25 13:40:51,496:INFO:Processing task: {'task_id': 7, 'object': 'deb67e10-9ef4-49ad-925b-0d5c9633b744', 'title': 'sada', 'description': 'asdasd', 'created_by': 'aasd', 'status': 2, 'creation_ts': '2024-04-25T13:20:00Z', 'completed_ts': '2024-04-25T13:20:00Z', 'verdict': 2, 'analyzer': 4}
2024-04-25 13:40:53,525:ERROR:Failed to process task 7: HTTPConnectionPool(host='127.0.0.1', port=8080): Max retries exceeded with url: /analyzers/ (Caused by NewConnectionError('<urllib3.connection.HTTPConnection object at 0x0000021CFD0FE900>: Failed to establish a new connection: [WinError 10061] No connection could be made because the target machine actively refused it'))
2024-04-25 13:40:57,622:INFO:No task found in the queue
2024-04-25 13:41:01,633:INFO:No task found in the queue
2024-04-25 13:41:05,646:INFO:No task found in the queue
2024-04-25 13:41:09,658:INFO:No task found in the queue
2024-04-25 13:41:13,672:INFO:No task found in the queue
2024-04-25 13:41:17,687:INFO:No task found in the queue
2024-04-25 13:41:21,701:INFO:No task found in the queue
2024-04-25 13:41:25,714:INFO:No task found in the queue
2024-04-25 13:41:29,726:INFO:No task found in the queue
2024-04-25 13:41:33,738:INFO:No task found in the queue
2024-04-25 13:41:37,753:INFO:No task found in the queue
2024-04-25 13:41:41,763:INFO:No task found in the queue
2024-04-25 13:41:45,776:INFO:No task found in the queue
2024-04-25 13:41:49,787:INFO:No task found in the queue
2024-04-25 13:41:53,801:INFO:No task found in the queue
2024-04-25 13:41:57,813:INFO:No task found in the queue
2024-04-25 13:42:01,825:INFO:No task found in the queue
2024-04-25 13:42:05,843:INFO:No task found in the queue
2024-04-25 13:42:09,862:INFO:No task found in the queue
2024-04-25 13:42:13,877:INFO:No task found in the queue
2024-04-25 13:42:17,892:INFO:No task found in the queue
2024-04-25 13:42:21,906:INFO:No task found in the queue
2024-04-25 13:42:25,918:INFO:No task found in the queue
2024-04-25 13:42:29,932:INFO:No task found in the queue
2024-04-25 13:42:33,948:INFO:No task found in the queue
2024-04-25 13:42:37,963:INFO:No task found in the queue
2024-04-25 13:42:41,979:INFO:No task found in the queue
2024-04-25 13:42:45,993:INFO:No task found in the queue
2024-04-25 13:43:08,267:INFO:No task found in the queue
2024-04-25 13:43:12,281:INFO:No task found in the queue
2024-04-25 13:43:13,555:INFO:Processing task: {'task_id': 7, 'object': 'deb67e10-9ef4-49ad-925b-0d5c9633b744', 'title': 'sada', 'description': 'asdasd', 'created_by': 'aasd', 'status': 2, 'creation_ts': '2024-04-25T13:20:00Z', 'completed_ts': '2024-04-25T13:20:00Z', 'verdict': 2, 'analyzer': 4}
2024-04-25 13:43:13,564:ERROR:Failed to process task 7: 415 Client Error: Unsupported Media Type for url: http://127.0.0.1:8000/analyzers/
2024-04-25 13:43:17,598:INFO:No task found in the queue
2024-04-25 13:43:21,612:INFO:No task found in the queue
2024-04-25 13:43:25,628:INFO:No task found in the queue
2024-04-25 13:43:29,645:INFO:No task found in the queue
2024-04-25 13:43:33,659:INFO:No task found in the queue
2024-04-25 13:43:37,673:INFO:No task found in the queue
2024-04-25 13:43:41,687:INFO:No task found in the queue
2024-04-25 13:43:45,699:INFO:No task found in the queue
2024-04-25 13:43:49,711:INFO:No task found in the queue
2024-04-25 13:43:53,725:INFO:No task found in the queue
2024-04-25 13:43:57,739:INFO:No task found in the queue
2024-04-25 13:44:01,750:INFO:No task found in the queue
2024-04-25 13:44:05,762:INFO:No task found in the queue
2024-04-25 13:44:09,778:INFO:No task found in the queue
2024-04-25 13:44:13,794:INFO:No task found in the queue
2024-04-25 13:44:17,806:INFO:No task found in the queue
2024-04-25 13:44:21,822:INFO:No task found in the queue
2024-04-25 13:44:25,836:INFO:No task found in the queue
2024-04-25 13:44:29,849:INFO:No task found in the queue
2024-04-25 13:44:33,863:INFO:No task found in the queue
2024-04-25 13:44:37,879:INFO:No task found in the queue
2024-04-25 13:44:41,890:INFO:No task found in the queue
2024-04-25 13:44:45,902:INFO:No task found in the queue
2024-04-25 13:44:49,865:INFO:Processing task: {'task_id': 7, 'object': 'deb67e10-9ef4-49ad-925b-0d5c9633b744', 'title': 'sada', 'description': 'asdasd', 'created_by': 'aasd', 'status': 2, 'creation_ts': '2024-04-25T13:20:00Z', 'completed_ts': '2024-04-25T13:20:00Z', 'verdict': 2, 'analyzer': 4}
2024-04-25 13:44:49,870:ERROR:Failed to process task 7: 415 Client Error: Unsupported Media Type for url: http://127.0.0.1:8000/analyzers/
2024-04-25 13:44:53,928:INFO:No task found in the queue
2024-04-25 13:44:57,945:INFO:No task found in the queue
2024-04-25 13:45:08,681:INFO:No task found in the queue
2024-04-25 13:45:09,867:INFO:Processing task: {'task_id': 7, 'object': 'deb67e10-9ef4-49ad-925b-0d5c9633b744', 'title': 'sada', 'description': 'asdasd', 'created_by': 'aasd', 'status': 2, 'creation_ts': '2024-04-25T13:20:00Z', 'completed_ts': '2024-04-25T13:20:00Z', 'verdict': 2, 'analyzer': 4}
2024-04-25 13:45:09,872:ERROR:Failed to process task 7: 415 Client Error: Unsupported Media Type for url: http://127.0.0.1:8000/analyzers/
2024-04-25 13:45:13,900:INFO:No task found in the queue
2024-04-25 13:45:17,916:INFO:No task found in the queue
2024-04-25 13:45:21,929:INFO:No task found in the queue
2024-04-25 13:45:25,943:INFO:No task found in the queue
2024-04-25 13:45:29,957:INFO:No task found in the queue
2024-04-25 13:45:33,974:INFO:No task found in the queue
2024-04-25 13:45:37,988:INFO:No task found in the queue
2024-04-25 13:45:42,000:INFO:No task found in the queue
2024-04-25 13:45:46,013:INFO:No task found in the queue
2024-04-25 13:45:50,026:INFO:No task found in the queue
2024-04-25 13:45:54,042:INFO:No task found in the queue
2024-04-25 13:45:58,058:INFO:No task found in the queue
2024-04-25 13:46:02,074:INFO:No task found in the queue
2024-04-25 13:46:06,086:INFO:No task found in the queue
2024-04-25 13:46:10,099:INFO:No task found in the queue
2024-04-25 13:46:19,193:INFO:Processing task: {'task_id': 7, 'object': 'deb67e10-9ef4-49ad-925b-0d5c9633b744', 'title': 'sada', 'description': 'asdasd', 'created_by': 'aasd', 'status': 2, 'creation_ts': '2024-04-25T13:20:00Z', 'completed_ts': '2024-04-25T13:20:00Z', 'verdict': 2, 'analyzer': 4}
2024-04-25 13:46:38,391:INFO:No task found in the queue
2024-04-25 13:46:39,448:INFO:Processing task: {'task_id': 7, 'object': 'deb67e10-9ef4-49ad-925b-0d5c9633b744', 'title': 'sada', 'description': 'asdasd', 'created_by': 'aasd', 'status': 2, 'creation_ts': '2024-04-25T13:20:00Z', 'completed_ts': '2024-04-25T13:20:00Z', 'verdict': 2, 'analyzer': 4}
2024-04-25 13:48:06,587:INFO:No task found in the queue
2024-04-25 13:48:07,590:INFO:Processing task: {'task_id': 7, 'object': 'deb67e10-9ef4-49ad-925b-0d5c9633b744', 'title': 'sada', 'description': 'asdasd', 'created_by': 'aasd', 'status': 2, 'creation_ts': '2024-04-25T13:20:00Z', 'completed_ts': '2024-04-25T13:20:00Z', 'verdict': 2, 'analyzer': 4}
2024-04-25 13:48:09,619:ERROR:Failed to process task 7: 415 Client Error: Unsupported Media Type for url: http://localhost:8000/tasks/
2024-04-25 13:48:13,711:INFO:No task found in the queue
2024-04-25 13:48:17,730:INFO:No task found in the queue
2024-04-25 13:48:21,746:INFO:No task found in the queue
2024-04-25 13:48:25,760:INFO:No task found in the queue
2024-04-25 13:48:29,774:INFO:No task found in the queue
2024-04-25 13:48:33,791:INFO:No task found in the queue
2024-04-25 13:48:37,803:INFO:No task found in the queue
2024-04-25 13:48:41,819:INFO:No task found in the queue
2024-04-25 13:48:45,836:INFO:No task found in the queue
2024-04-25 13:48:49,851:INFO:No task found in the queue
2024-04-25 13:48:53,866:INFO:No task found in the queue
2024-04-25 13:48:57,879:INFO:No task found in the queue
2024-04-25 13:49:01,895:INFO:No task found in the queue
2024-04-25 13:49:05,911:INFO:No task found in the queue
2024-04-25 13:49:09,927:INFO:No task found in the queue
2024-04-25 13:49:13,942:INFO:No task found in the queue
2024-04-25 13:49:17,958:INFO:No task found in the queue
2024-04-25 13:49:21,976:INFO:No task found in the queue
2024-04-25 13:49:25,993:INFO:No task found in the queue
2024-04-25 13:49:30,011:INFO:No task found in the queue
2024-04-25 13:49:34,026:INFO:No task found in the queue
2024-04-25 13:49:38,037:INFO:No task found in the queue
2024-04-25 13:49:42,051:INFO:No task found in the queue
2024-04-25 13:49:46,066:INFO:No task found in the queue
2024-04-25 13:49:48,389:INFO:Processing task: {'title': 'sada', 'description': 'asdasd', 'created_by': 'aasd', 'status': 2, 'creation_ts': '2024-04-25T13:20:00Z', 'completed_ts': '2024-04-25T13:20:00Z', 'verdict': 2, 'analyzer': 4}
2024-04-25 13:50:03,629:INFO:No task found in the queue
2024-04-25 13:50:04,726:INFO:Processing task: {'title': 'sada', 'description': 'asdasd', 'created_by': 'aasd', 'status': 2, 'creation_ts': '2024-04-25T13:20:00Z', 'completed_ts': '2024-04-25T13:20:00Z', 'verdict': 2, 'analyzer': 4}
2024-04-25 17:55:45,130:INFO:No task found in the queue
2024-04-25 17:55:49,142:INFO:No task found in the queue
2024-04-25 17:55:53,152:INFO:No task found in the queue
2024-04-25 17:55:57,164:INFO:No task found in the queue
2024-04-25 17:56:01,176:INFO:No task found in the queue
2024-04-25 17:56:05,188:INFO:No task found in the queue
2024-04-25 17:56:09,206:INFO:No task found in the queue
2024-04-25 17:56:13,219:INFO:No task found in the queue
2024-04-25 17:56:17,233:INFO:No task found in the queue
2024-04-25 17:56:21,244:INFO:No task found in the queue
2024-04-25 17:56:25,255:INFO:No task found in the queue
2024-04-25 17:56:29,267:INFO:No task found in the queue
2024-04-25 17:56:33,277:INFO:No task found in the queue
2024-04-25 17:56:37,289:INFO:No task found in the queue
2024-04-25 17:56:41,300:INFO:No task found in the queue
2024-04-25 17:56:45,314:INFO:No task found in the queue
2024-04-25 17:56:49,326:INFO:No task found in the queue
2024-04-25 17:56:53,336:INFO:No task found in the queue
2024-04-25 17:56:57,350:INFO:No task found in the queue
2024-04-25 17:57:01,361:INFO:No task found in the queue
2024-04-25 17:57:05,373:INFO:No task found in the queue
2024-04-25 17:57:09,388:INFO:No task found in the queue
2024-04-25 17:57:13,399:INFO:No task found in the queue
2024-04-25 17:57:17,410:INFO:No task found in the queue
2024-04-25 17:57:21,422:INFO:No task found in the queue
2024-04-25 17:57:25,435:INFO:No task found in the queue
2024-04-25 17:57:29,447:INFO:No task found in the queue
2024-04-25 17:57:33,460:INFO:No task found in the queue
2024-04-25 17:57:37,474:INFO:No task found in the queue
2024-04-25 17:57:41,487:INFO:No task found in the queue
2024-04-25 17:57:45,502:INFO:No task found in the queue
2024-04-25 17:57:49,516:INFO:No task found in the queue
2024-04-25 17:57:53,528:INFO:No task found in the queue
2024-04-25 17:57:57,540:INFO:No task found in the queue
2024-04-25 17:58:01,551:INFO:No task found in the queue
2024-04-25 17:58:05,562:INFO:No task found in the queue
2024-04-25 17:58:09,574:INFO:No task found in the queue
2024-04-25 17:58:13,586:INFO:No task found in the queue
2024-04-25 17:58:17,600:INFO:No task found in the queue
2024-04-25 17:58:21,611:INFO:No task found in the queue
2024-04-25 17:58:25,623:INFO:No task found in the queue
2024-04-25 17:58:29,635:INFO:No task found in the queue
2024-04-25 17:58:33,648:INFO:No task found in the queue
2024-04-25 17:58:37,659:INFO:No task found in the queue
2024-04-25 17:58:41,671:INFO:No task found in the queue
2024-04-25 17:58:45,683:INFO:No task found in the queue
2024-04-25 17:58:49,695:INFO:No task found in the queue
2024-04-25 17:58:53,706:INFO:No task found in the queue
2024-04-25 17:58:57,719:INFO:No task found in the queue
2024-04-25 17:59:01,731:INFO:No task found in the queue
2024-04-25 17:59:05,742:INFO:No task found in the queue
2024-04-25 17:59:09,755:INFO:No task found in the queue
2024-04-25 17:59:13,768:INFO:No task found in the queue
2024-04-25 17:59:17,778:INFO:No task found in the queue
2024-04-25 17:59:21,790:INFO:No task found in the queue
2024-04-25 17:59:25,802:INFO:No task found in the queue
2024-04-25 17:59:29,813:INFO:No task found in the queue
2024-04-25 17:59:33,826:INFO:No task found in the queue
2024-04-25 17:59:37,839:INFO:No task found in the queue
2024-04-25 17:59:41,850:INFO:No task found in the queue
2024-04-25 17:59:45,863:INFO:No task found in the queue
2024-04-25 17:59:49,876:INFO:No task found in the queue
2024-04-25 17:59:53,889:INFO:No task found in the queue
2024-04-25 17:59:57,900:INFO:No task found in the queue
2024-04-25 18:00:01,912:INFO:No task found in the queue
2024-04-25 18:00:05,924:INFO:No task found in the queue
2024-04-25 18:00:09,936:INFO:No task found in the queue
2024-04-25 18:00:13,947:INFO:No task found in the queue
2024-04-25 18:00:17,960:INFO:No task found in the queue
2024-04-25 18:00:21,971:INFO:No task found in the queue
2024-04-25 18:00:25,983:INFO:No task found in the queue
2024-04-25 18:00:29,995:INFO:No task found in the queue
2024-04-25 18:00:34,006:INFO:No task found in the queue
2024-04-25 18:00:38,017:INFO:No task found in the queue
2024-04-25 18:00:42,030:INFO:No task found in the queue
2024-04-25 18:00:46,042:INFO:No task found in the queue
2024-04-25 18:00:50,053:INFO:No task found in the queue
2024-04-25 18:00:54,065:INFO:No task found in the queue
2024-04-25 18:00:58,078:INFO:No task found in the queue
2024-04-25 18:01:02,089:INFO:No task found in the queue
2024-04-25 18:01:06,101:INFO:No task found in the queue
2024-04-25 18:01:10,112:INFO:No task found in the queue
2024-04-25 18:01:14,123:INFO:No task found in the queue
2024-04-25 18:01:18,134:INFO:No task found in the queue
2024-04-25 18:01:22,144:INFO:No task found in the queue
2024-04-25 18:01:26,156:INFO:No task found in the queue
2024-04-25 18:01:30,168:INFO:No task found in the queue
2024-04-25 18:01:34,180:INFO:No task found in the queue
2024-04-25 18:01:38,193:INFO:No task found in the queue
2024-04-25 18:01:42,204:INFO:No task found in the queue
2024-04-25 18:01:46,214:INFO:No task found in the queue
2024-04-25 18:01:50,226:INFO:No task found in the queue
2024-04-25 18:01:54,238:INFO:No task found in the queue
2024-04-25 18:01:58,251:INFO:No task found in the queue
2024-04-25 18:02:02,263:INFO:No task found in the queue
2024-04-25 18:02:06,274:INFO:No task found in the queue
2024-04-25 18:02:10,286:INFO:No task found in the queue
2024-04-25 18:02:14,298:INFO:No task found in the queue
2024-04-25 18:02:18,308:INFO:No task found in the queue
2024-04-25 18:02:22,320:INFO:No task found in the queue
2024-04-25 18:02:26,331:INFO:No task found in the queue
2024-04-25 18:02:30,343:INFO:No task found in the queue
2024-04-25 18:02:38,969:INFO:No task found in the queue
2024-04-25 18:02:42,980:INFO:No task found in the queue
2024-04-25 18:02:46,991:INFO:No task found in the queue
2024-04-25 18:02:51,003:INFO:No task found in the queue
2024-04-25 18:02:55,016:INFO:No task found in the queue
2024-04-25 18:02:59,027:INFO:No task found in the queue
2024-04-25 18:03:03,039:INFO:No task found in the queue
2024-04-25 18:03:07,050:INFO:No task found in the queue
2024-04-25 18:03:11,062:INFO:No task found in the queue
2024-04-25 18:03:15,075:INFO:No task found in the queue
2024-04-25 18:03:19,085:INFO:No task found in the queue
2024-04-25 18:03:23,097:INFO:No task found in the queue
2024-04-25 18:03:27,111:INFO:No task found in the queue
2024-04-25 18:03:31,122:INFO:No task found in the queue
2024-04-25 18:03:35,133:INFO:No task found in the queue
2024-04-25 18:03:39,146:INFO:No task found in the queue
2024-04-25 18:03:43,155:INFO:No task found in the queue
2024-04-25 18:03:47,170:INFO:No task found in the queue
2024-04-25 18:03:51,182:INFO:No task found in the queue
2024-04-25 18:03:55,196:INFO:No task found in the queue
2024-04-25 18:03:59,208:INFO:No task found in the queue
2024-04-25 18:04:03,220:INFO:No task found in the queue
2024-04-25 18:04:07,233:INFO:No task found in the queue
2024-04-25 18:04:11,244:INFO:No task found in the queue
2024-04-25 18:04:15,257:INFO:No task found in the queue
2024-04-25 18:04:19,269:INFO:No task found in the queue
2024-04-25 18:04:23,283:INFO:No task found in the queue
2024-04-25 18:04:27,295:INFO:No task found in the queue
2024-04-25 18:04:31,306:INFO:No task found in the queue
2024-04-25 18:04:35,318:INFO:No task found in the queue
2024-04-25 18:04:39,329:INFO:No task found in the queue
2024-04-25 18:04:43,339:INFO:No task found in the queue
2024-04-25 18:04:47,351:INFO:No task found in the queue
2024-04-25 18:04:51,362:INFO:No task found in the queue
2024-04-25 18:04:55,373:INFO:No task found in the queue
2024-04-25 18:04:59,385:INFO:No task found in the queue
2024-04-25 18:05:03,398:INFO:No task found in the queue
2024-04-25 18:05:07,410:INFO:No task found in the queue
2024-04-25 18:05:11,422:INFO:No task found in the queue
2024-04-25 18:05:15,434:INFO:No task found in the queue
2024-04-25 18:05:19,448:INFO:No task found in the queue
2024-04-25 18:05:23,459:INFO:No task found in the queue
2024-04-25 18:05:27,470:INFO:No task found in the queue
2024-04-25 18:05:31,481:INFO:No task found in the queue
2024-04-25 18:05:35,492:INFO:No task found in the queue
2024-04-25 18:05:39,505:INFO:No task found in the queue
2024-04-25 18:05:43,518:INFO:No task found in the queue
2024-04-25 18:05:47,530:INFO:No task found in the queue
2024-04-25 18:05:51,541:INFO:No task found in the queue
2024-04-25 18:05:55,554:INFO:No task found in the queue
2024-04-25 18:05:59,566:INFO:No task found in the queue
2024-04-25 18:06:03,578:INFO:No task found in the queue
2024-04-25 18:06:07,589:INFO:No task found in the queue
2024-04-25 18:06:11,601:INFO:No task found in the queue
2024-04-25 18:06:15,612:INFO:No task found in the queue
2024-04-25 18:06:19,625:INFO:No task found in the queue
2024-04-25 18:06:23,636:INFO:No task found in the queue
2024-04-25 18:06:27,647:INFO:No task found in the queue
2024-04-25 18:06:31,659:INFO:No task found in the queue
2024-04-25 18:06:35,670:INFO:No task found in the queue
2024-04-25 18:06:39,682:INFO:No task found in the queue
2024-04-25 18:06:43,693:INFO:No task found in the queue
2024-04-25 18:06:47,705:INFO:No task found in the queue
2024-04-25 18:06:51,718:INFO:No task found in the queue
2024-04-25 18:06:55,728:INFO:No task found in the queue
2024-04-25 18:06:59,738:INFO:No task found in the queue
2024-04-25 18:07:03,749:INFO:No task found in the queue
2024-04-25 18:07:07,762:INFO:No task found in the queue
2024-04-25 18:07:11,774:INFO:No task found in the queue
2024-04-25 18:07:15,787:INFO:No task found in the queue
2024-04-25 18:07:19,799:INFO:No task found in the queue
2024-04-25 18:07:23,810:INFO:No task found in the queue
2024-04-25 18:07:27,825:INFO:No task found in the queue
2024-04-25 18:07:31,837:INFO:No task found in the queue
2024-04-25 18:07:35,849:INFO:No task found in the queue
2024-04-25 18:07:39,862:INFO:No task found in the queue
2024-04-25 18:07:43,876:INFO:No task found in the queue
2024-04-25 18:07:47,886:INFO:No task found in the queue
2024-04-25 18:07:51,897:INFO:No task found in the queue
2024-04-25 18:07:55,908:INFO:No task found in the queue
2024-04-25 18:09:31,618:INFO:No task found in the queue
2024-04-25 18:09:35,630:INFO:No task found in the queue
2024-04-25 18:09:39,643:INFO:No task found in the queue
2024-04-25 18:09:43,654:INFO:No task found in the queue
2024-04-25 18:09:47,666:INFO:No task found in the queue
2024-04-25 18:09:51,677:INFO:No task found in the queue
2024-04-25 18:09:55,689:INFO:No task found in the queue
2024-04-25 18:09:59,700:INFO:No task found in the queue
2024-04-25 18:10:03,713:INFO:No task found in the queue
2024-04-25 18:10:07,725:INFO:No task found in the queue
2024-04-25 18:10:11,738:INFO:No task found in the queue
2024-04-25 18:10:15,752:INFO:No task found in the queue
2024-04-25 18:10:19,763:INFO:No task found in the queue
2024-04-25 18:10:23,774:INFO:No task found in the queue
2024-04-25 18:10:27,786:INFO:No task found in the queue
2024-04-25 18:10:31,798:INFO:No task found in the queue
2024-04-25 18:10:35,809:INFO:No task found in the queue
2024-04-25 18:10:39,821:INFO:No task found in the queue
2024-04-25 18:10:43,833:INFO:No task found in the queue
2024-04-25 18:10:47,847:INFO:No task found in the queue
2024-04-25 18:10:51,859:INFO:No task found in the queue
2024-04-25 18:10:55,871:INFO:No task found in the queue
2024-04-25 18:10:59,885:INFO:No task found in the queue
2024-04-25 18:11:03,898:INFO:No task found in the queue
2024-04-25 18:11:07,910:INFO:No task found in the queue
2024-04-25 18:11:11,923:INFO:No task found in the queue
2024-04-25 18:11:15,934:INFO:No task found in the queue
2024-04-25 18:11:19,947:INFO:No task found in the queue
2024-04-25 18:11:23,959:INFO:No task found in the queue
2024-04-25 18:11:27,973:INFO:No task found in the queue
2024-04-25 18:11:31,987:INFO:No task found in the queue
2024-04-25 18:11:36,001:INFO:No task found in the queue
2024-04-25 18:11:40,013:INFO:No task found in the queue
2024-04-25 18:11:44,026:INFO:No task found in the queue
2024-04-25 18:11:48,038:INFO:No task found in the queue
2024-04-25 18:11:52,053:INFO:No task found in the queue
2024-04-25 18:11:56,067:INFO:No task found in the queue
2024-04-25 18:12:00,080:INFO:No task found in the queue
2024-04-25 18:12:04,090:INFO:No task found in the queue
2024-04-25 18:12:08,103:INFO:No task found in the queue
2024-04-25 18:12:12,118:INFO:No task found in the queue
2024-04-25 18:12:16,129:INFO:No task found in the queue
2024-04-25 18:12:20,142:INFO:No task found in the queue
2024-04-25 18:12:24,154:INFO:No task found in the queue
2024-04-25 18:12:28,166:INFO:No task found in the queue
2024-04-25 18:12:32,180:INFO:No task found in the queue
2024-04-25 18:12:36,192:INFO:No task found in the queue
2024-04-25 18:12:40,205:INFO:No task found in the queue
2024-04-25 18:12:44,217:INFO:No task found in the queue
2024-04-25 18:12:48,232:INFO:No task found in the queue
2024-04-25 18:12:52,244:INFO:No task found in the queue
2024-04-25 18:12:56,255:INFO:No task found in the queue
2024-04-25 18:13:00,268:INFO:No task found in the queue
2024-04-25 18:13:04,281:INFO:No task found in the queue
2024-04-25 18:13:08,293:INFO:No task found in the queue
2024-04-25 18:13:12,306:INFO:No task found in the queue
2024-04-25 18:13:16,319:INFO:No task found in the queue
2024-04-25 18:13:20,334:INFO:No task found in the queue
2024-04-25 18:13:24,347:INFO:No task found in the queue
2024-04-25 18:13:28,358:INFO:No task found in the queue
2024-04-25 18:13:32,369:INFO:No task found in the queue
2024-04-25 18:13:36,382:INFO:No task found in the queue
2024-04-25 18:13:40,396:INFO:No task found in the queue
2024-04-25 18:13:44,408:INFO:No task found in the queue
2024-04-25 18:13:48,420:INFO:No task found in the queue
2024-04-25 18:13:52,431:INFO:No task found in the queue
2024-04-25 18:13:56,442:INFO:No task found in the queue
2024-04-25 18:14:00,454:INFO:No task found in the queue
2024-04-25 18:14:04,468:INFO:No task found in the queue
2024-04-25 18:14:08,481:INFO:No task found in the queue
2024-04-25 18:14:12,496:INFO:No task found in the queue
2024-04-25 18:14:16,506:INFO:No task found in the queue
2024-04-25 18:14:20,518:INFO:No task found in the queue
2024-04-25 18:14:24,531:INFO:No task found in the queue
2024-04-25 18:14:28,544:INFO:No task found in the queue
2024-04-25 18:14:32,556:INFO:No task found in the queue
2024-04-25 18:14:36,567:INFO:No task found in the queue
2024-04-25 18:14:40,580:INFO:No task found in the queue
2024-04-25 18:14:44,591:INFO:No task found in the queue
2024-04-25 18:14:48,603:INFO:No task found in the queue
2024-04-25 18:14:52,617:INFO:No task found in the queue
2024-04-25 18:14:56,629:INFO:No task found in the queue
2024-04-25 18:15:00,642:INFO:No task found in the queue
2024-04-25 18:15:04,655:INFO:No task found in the queue
2024-04-25 18:15:08,670:INFO:No task found in the queue
2024-04-25 18:15:12,684:INFO:No task found in the queue
2024-04-25 18:15:16,696:INFO:No task found in the queue
2024-04-25 18:15:20,709:INFO:No task found in the queue
2024-04-25 18:15:24,721:INFO:No task found in the queue
2024-04-25 18:15:28,734:INFO:No task found in the queue
2024-04-25 18:15:32,747:INFO:No task found in the queue
2024-04-25 18:15:36,758:INFO:No task found in the queue
2024-04-25 18:15:40,769:INFO:No task found in the queue
2024-04-25 18:15:44,783:INFO:No task found in the queue
2024-04-25 18:15:48,796:INFO:No task found in the queue
2024-04-25 18:15:52,810:INFO:No task found in the queue
2024-04-25 18:15:56,822:INFO:No task found in the queue
2024-04-25 18:16:00,836:INFO:No task found in the queue
2024-04-25 18:16:04,849:INFO:No task found in the queue
2024-04-25 18:16:08,861:INFO:No task found in the queue
2024-04-25 18:16:12,872:INFO:No task found in the queue
2024-04-25 18:16:16,883:INFO:No task found in the queue
2024-04-25 18:16:20,896:INFO:No task found in the queue
2024-04-25 18:16:24,908:INFO:No task found in the queue
2024-04-25 18:16:28,922:INFO:No task found in the queue
2024-04-25 18:16:32,934:INFO:No task found in the queue
2024-04-25 18:16:36,947:INFO:No task found in the queue
2024-04-25 18:16:40,960:INFO:No task found in the queue
2024-04-25 18:16:44,973:INFO:No task found in the queue
2024-04-25 18:16:48,985:INFO:No task found in the queue
2024-04-25 18:16:52,997:INFO:No task found in the queue
2024-04-25 18:16:57,010:INFO:No task found in the queue
2024-04-25 18:17:01,022:INFO:No task found in the queue
2024-04-25 18:17:05,035:INFO:No task found in the queue
2024-04-25 18:17:09,047:INFO:No task found in the queue
2024-04-25 18:17:13,059:INFO:No task found in the queue
2024-04-25 18:17:17,073:INFO:No task found in the queue
2024-04-25 18:17:21,085:INFO:No task found in the queue
2024-04-25 18:17:25,098:INFO:No task found in the queue
2024-04-25 18:17:29,109:INFO:No task found in the queue
2024-04-25 18:17:33,122:INFO:No task found in the queue
2024-04-25 18:17:37,134:INFO:No task found in the queue
2024-04-25 18:17:41,149:INFO:No task found in the queue
2024-04-25 18:17:45,161:INFO:No task found in the queue
2024-04-25 18:17:49,175:INFO:No task found in the queue
2024-04-25 18:17:53,188:INFO:No task found in the queue
2024-04-25 18:17:57,201:INFO:No task found in the queue
2024-04-25 18:18:01,214:INFO:No task found in the queue
2024-04-25 18:18:05,224:INFO:No task found in the queue
2024-04-25 18:18:09,235:INFO:No task found in the queue
2024-04-25 18:18:13,248:INFO:No task found in the queue
2024-04-25 18:18:17,259:INFO:No task found in the queue
2024-04-25 18:18:21,272:INFO:No task found in the queue
2024-04-25 18:19:12,798:INFO:No task found in the queue
2024-04-25 18:19:13,801:INFO:No task found in the queue
2024-04-25 18:19:14,802:INFO:No task found in the queue
2024-04-25 18:19:15,805:INFO:No task found in the queue
2024-04-25 18:19:16,807:INFO:No task found in the queue
2024-04-25 18:19:17,808:INFO:No task found in the queue
2024-04-25 18:19:18,811:INFO:No task found in the queue
2024-04-25 18:19:19,813:INFO:No task found in the queue
2024-04-25 18:19:20,815:INFO:No task found in the queue
2024-04-25 18:19:21,815:INFO:No task found in the queue
2024-04-25 18:19:22,819:INFO:No task found in the queue
2024-04-25 18:19:23,819:INFO:No task found in the queue
2024-04-25 18:19:24,822:INFO:No task found in the queue
2024-04-25 18:19:25,822:INFO:No task found in the queue
2024-04-25 18:19:26,825:INFO:No task found in the queue
2024-04-25 18:19:27,827:INFO:No task found in the queue
2024-04-25 18:19:28,829:INFO:No task found in the queue
2024-04-25 18:19:29,831:INFO:No task found in the queue
2024-04-25 18:19:30,832:INFO:No task found in the queue
2024-04-25 18:19:31,834:INFO:No task found in the queue
2024-04-25 18:19:32,837:INFO:No task found in the queue
2024-04-25 18:19:33,839:INFO:No task found in the queue
2024-04-25 18:19:34,840:INFO:No task found in the queue
2024-04-25 18:19:35,843:INFO:No task found in the queue
2024-04-25 18:19:36,844:INFO:No task found in the queue
2024-04-25 18:19:37,846:INFO:No task found in the queue
2024-04-25 18:19:38,848:INFO:No task found in the queue
2024-04-25 18:19:39,850:INFO:No task found in the queue
2024-04-25 18:19:40,851:INFO:No task found in the queue
2024-04-25 18:19:41,853:INFO:No task found in the queue
2024-04-25 18:19:42,855:INFO:No task found in the queue
2024-04-25 18:19:43,857:INFO:No task found in the queue
2024-04-25 18:19:44,859:INFO:No task found in the queue
2024-04-25 18:19:45,861:INFO:No task found in the queue
2024-04-25 18:19:46,863:INFO:No task found in the queue
2024-04-25 18:19:47,863:INFO:No task found in the queue
2024-04-25 18:19:48,865:INFO:No task found in the queue
2024-04-25 18:19:49,867:INFO:No task found in the queue
2024-04-25 18:19:50,869:INFO:No task found in the queue
2024-04-25 18:19:51,870:INFO:No task found in the queue
2024-04-25 18:19:52,873:INFO:No task found in the queue
2024-04-25 18:19:53,873:INFO:No task found in the queue
2024-04-25 18:19:54,876:INFO:No task found in the queue
2024-04-25 18:19:55,877:INFO:No task found in the queue
2024-04-25 18:19:56,878:INFO:No task found in the queue
2024-04-25 18:19:57,880:INFO:No task found in the queue
2024-04-25 18:19:58,881:INFO:No task found in the queue
2024-04-25 18:19:59,883:INFO:No task found in the queue
2024-04-25 18:20:00,884:INFO:No task found in the queue
2024-04-25 18:20:01,886:INFO:No task found in the queue
2024-04-25 18:20:02,888:INFO:No task found in the queue
2024-04-25 18:20:03,889:INFO:No task found in the queue
2024-04-25 18:20:04,891:INFO:No task found in the queue
2024-04-25 18:20:05,893:INFO:No task found in the queue
2024-04-25 18:20:06,894:INFO:No task found in the queue
2024-04-25 18:20:07,896:INFO:No task found in the queue
2024-04-25 18:20:08,898:INFO:No task found in the queue
2024-04-25 18:20:09,899:INFO:No task found in the queue
2024-04-25 18:20:10,902:INFO:No task found in the queue
2024-04-25 18:20:11,903:INFO:No task found in the queue
2024-04-25 18:20:12,905:INFO:No task found in the queue
2024-04-25 18:20:13,905:INFO:No task found in the queue
2024-04-25 18:20:14,910:INFO:No task found in the queue
2024-04-25 18:20:15,913:INFO:No task found in the queue
2024-04-25 18:20:16,915:INFO:No task found in the queue
2024-04-25 18:20:17,916:INFO:No task found in the queue
2024-04-25 18:20:18,917:INFO:No task found in the queue
2024-04-25 18:20:19,919:INFO:No task found in the queue
2024-04-25 18:20:20,921:INFO:No task found in the queue
2024-04-25 18:20:21,922:INFO:No task found in the queue
2024-04-25 18:20:22,923:INFO:No task found in the queue
2024-04-25 18:20:23,925:INFO:No task found in the queue
2024-04-25 18:20:24,928:INFO:No task found in the queue
2024-04-25 18:20:25,930:INFO:No task found in the queue
2024-04-25 18:20:26,932:INFO:No task found in the queue
2024-04-25 18:20:27,933:INFO:No task found in the queue
2024-04-25 18:20:28,935:INFO:No task found in the queue
2024-04-25 18:20:29,936:INFO:No task found in the queue
2024-04-25 18:20:30,938:INFO:No task found in the queue
2024-04-25 18:20:31,940:INFO:No task found in the queue
2024-04-25 18:20:32,942:INFO:No task found in the queue
2024-04-25 18:20:33,944:INFO:No task found in the queue
2024-04-25 18:20:34,945:INFO:No task found in the queue
2024-04-25 18:20:35,947:INFO:No task found in the queue
2024-04-25 18:20:36,949:INFO:No task found in the queue
2024-04-25 18:20:37,951:INFO:No task found in the queue
2024-04-25 18:20:38,952:INFO:No task found in the queue
2024-04-25 18:20:39,954:INFO:No task found in the queue
2024-04-25 18:20:40,956:INFO:No task found in the queue
2024-04-25 18:20:41,958:INFO:No task found in the queue
2024-04-25 18:20:42,959:INFO:No task found in the queue
2024-04-25 18:20:43,962:INFO:No task found in the queue
2024-04-25 18:20:44,963:INFO:No task found in the queue
2024-04-25 18:20:45,965:INFO:No task found in the queue
2024-04-25 18:20:46,967:INFO:No task found in the queue
2024-04-25 18:20:47,969:INFO:No task found in the queue
2024-04-25 18:20:48,970:INFO:No task found in the queue
2024-04-25 18:20:49,973:INFO:No task found in the queue
2024-04-25 18:20:50,975:INFO:No task found in the queue
2024-04-25 18:20:51,976:INFO:No task found in the queue
2024-04-25 18:20:52,978:INFO:No task found in the queue
2024-04-25 18:20:53,980:INFO:No task found in the queue
2024-04-25 18:20:54,981:INFO:No task found in the queue
2024-04-25 18:20:55,982:INFO:No task found in the queue
2024-04-25 18:20:56,983:INFO:No task found in the queue
2024-04-25 18:20:57,986:INFO:No task found in the queue
2024-04-25 18:20:58,987:INFO:No task found in the queue
2024-04-25 18:20:59,989:INFO:No task found in the queue
2024-04-25 18:21:00,990:INFO:No task found in the queue
2024-04-25 18:21:01,992:INFO:No task found in the queue
2024-04-25 18:21:02,994:INFO:No task found in the queue
2024-04-25 18:21:03,997:INFO:No task found in the queue
2024-04-25 18:21:04,998:INFO:No task found in the queue
2024-04-25 18:21:05,999:INFO:No task found in the queue
2024-04-25 18:21:07,001:INFO:No task found in the queue
2024-04-25 18:21:08,003:INFO:No task found in the queue
2024-04-25 18:21:09,005:INFO:No task found in the queue
2024-04-25 18:21:10,007:INFO:No task found in the queue
2024-04-25 18:21:11,009:INFO:No task found in the queue
2024-04-25 18:21:12,011:INFO:No task found in the queue
2024-04-25 18:21:13,014:INFO:No task found in the queue
2024-04-25 18:21:14,016:INFO:No task found in the queue
2024-04-25 18:21:15,018:INFO:No task found in the queue
2024-04-25 18:21:16,020:INFO:No task found in the queue
2024-04-25 18:21:17,022:INFO:No task found in the queue
2024-04-25 18:21:18,024:INFO:No task found in the queue
2024-04-25 18:21:19,026:INFO:No task found in the queue
2024-04-25 18:21:20,029:INFO:No task found in the queue
2024-04-25 18:21:21,030:INFO:No task found in the queue
2024-04-25 18:21:22,032:INFO:No task found in the queue
2024-04-25 18:21:23,035:INFO:No task found in the queue
2024-04-25 18:21:24,035:INFO:No task found in the queue
2024-04-25 18:21:25,038:INFO:No task found in the queue
2024-04-25 18:21:26,040:INFO:No task found in the queue
2024-04-25 18:21:27,042:INFO:No task found in the queue
2024-04-25 18:21:28,043:INFO:No task found in the queue
2024-04-25 18:21:29,044:INFO:No task found in the queue
2024-04-25 18:21:30,046:INFO:No task found in the queue
2024-04-25 18:21:31,047:INFO:No task found in the queue
2024-04-25 18:21:32,049:INFO:No task found in the queue
2024-04-25 18:21:33,050:INFO:No task found in the queue
2024-04-25 18:21:34,053:INFO:No task found in the queue
2024-04-25 18:21:35,054:INFO:No task found in the queue
2024-04-25 18:21:36,056:INFO:No task found in the queue
2024-04-25 18:21:37,058:INFO:No task found in the queue
2024-04-25 18:21:38,059:INFO:No task found in the queue
2024-04-25 18:21:39,061:INFO:No task found in the queue
2024-04-25 18:21:40,063:INFO:No task found in the queue
2024-04-25 18:21:41,064:INFO:No task found in the queue
2024-04-25 18:21:42,066:INFO:No task found in the queue
2024-04-25 18:21:43,067:INFO:No task found in the queue
2024-04-25 18:21:44,068:INFO:No task found in the queue
2024-04-25 18:21:45,070:INFO:No task found in the queue
2024-04-25 18:21:46,072:INFO:No task found in the queue
2024-04-25 18:21:47,074:INFO:No task found in the queue
2024-04-25 18:21:48,076:INFO:No task found in the queue
2024-04-25 18:21:49,078:INFO:No task found in the queue
2024-04-25 18:21:50,079:INFO:No task found in the queue
2024-04-25 18:21:51,081:INFO:No task found in the queue
2024-04-25 18:21:52,082:INFO:No task found in the queue
2024-04-25 18:21:53,084:INFO:No task found in the queue
2024-04-25 18:21:54,085:INFO:No task found in the queue
2024-04-25 18:21:55,087:INFO:No task found in the queue
2024-04-25 18:21:56,089:INFO:No task found in the queue
2024-04-25 18:21:57,091:INFO:No task found in the queue
2024-04-25 18:21:58,093:INFO:No task found in the queue
2024-04-25 18:21:59,095:INFO:No task found in the queue
2024-04-25 18:22:00,095:INFO:No task found in the queue
2024-04-25 18:22:01,098:INFO:No task found in the queue
2024-04-25 18:22:02,099:INFO:No task found in the queue
2024-04-25 18:22:03,100:INFO:No task found in the queue
2024-04-25 18:22:04,102:INFO:No task found in the queue
2024-04-25 18:22:05,104:INFO:No task found in the queue
2024-04-25 18:22:06,106:INFO:No task found in the queue
2024-04-25 18:22:07,107:INFO:No task found in the queue
2024-04-25 18:22:08,109:INFO:No task found in the queue
2024-04-25 18:22:09,111:INFO:No task found in the queue
2024-04-25 18:22:10,113:INFO:No task found in the queue
2024-04-25 18:22:11,114:INFO:No task found in the queue
2024-04-25 18:22:12,116:INFO:No task found in the queue
2024-04-25 18:22:13,118:INFO:No task found in the queue
2024-04-25 18:22:14,120:INFO:No task found in the queue
2024-04-25 18:22:15,121:INFO:No task found in the queue
2024-04-25 18:22:16,123:INFO:No task found in the queue
2024-04-25 18:22:17,124:INFO:No task found in the queue
2024-04-25 18:22:18,127:INFO:No task found in the queue
2024-04-25 18:22:19,129:INFO:No task found in the queue
2024-04-25 18:22:20,131:INFO:No task found in the queue
2024-04-25 18:22:21,134:INFO:No task found in the queue
2024-04-25 18:22:22,136:INFO:No task found in the queue
2024-04-25 18:22:23,136:INFO:No task found in the queue
2024-04-25 18:22:24,138:INFO:No task found in the queue
2024-04-25 18:22:25,140:INFO:No task found in the queue
2024-04-25 18:22:26,141:INFO:No task found in the queue
2024-04-25 18:22:27,142:INFO:No task found in the queue
2024-04-25 18:22:28,145:INFO:No task found in the queue
2024-04-25 18:22:29,145:INFO:No task found in the queue
2024-04-25 18:22:30,147:INFO:No task found in the queue
2024-04-25 18:22:31,148:INFO:No task found in the queue
2024-04-25 18:22:32,150:INFO:No task found in the queue
2024-04-25 18:22:33,150:INFO:No task found in the queue
2024-04-25 18:22:34,152:INFO:No task found in the queue
2024-04-25 18:22:35,155:INFO:No task found in the queue
2024-04-25 18:22:36,156:INFO:No task found in the queue
2024-04-25 18:22:37,158:INFO:No task found in the queue
2024-04-25 18:22:38,158:INFO:No task found in the queue
2024-04-25 18:22:39,160:INFO:No task found in the queue
2024-04-25 18:22:40,163:INFO:No task found in the queue
2024-04-25 18:22:41,164:INFO:No task found in the queue
2024-04-25 18:22:42,166:INFO:No task found in the queue
2024-04-25 18:22:43,167:INFO:No task found in the queue
2024-04-25 18:22:44,169:INFO:No task found in the queue
2024-04-25 18:22:45,170:INFO:No task found in the queue
2024-04-25 18:22:46,173:INFO:No task found in the queue
2024-04-25 18:22:47,175:INFO:No task found in the queue
2024-04-25 18:22:48,177:INFO:No task found in the queue
2024-04-25 18:22:49,178:INFO:No task found in the queue
2024-04-25 18:22:50,180:INFO:No task found in the queue
2024-04-25 18:22:51,182:INFO:No task found in the queue
2024-04-25 18:22:52,183:INFO:No task found in the queue
2024-04-25 18:22:53,186:INFO:No task found in the queue
2024-04-25 18:22:54,186:INFO:No task found in the queue
2024-04-25 18:22:55,189:INFO:No task found in the queue
2024-04-25 18:22:56,189:INFO:No task found in the queue
2024-04-25 18:22:57,192:INFO:No task found in the queue
2024-04-25 18:22:58,193:INFO:No task found in the queue
2024-04-25 18:22:59,195:INFO:No task found in the queue
2024-04-25 18:23:00,196:INFO:No task found in the queue
2024-04-25 18:23:01,197:INFO:No task found in the queue
2024-04-25 18:23:02,204:INFO:No task found in the queue
2024-04-25 18:23:03,205:INFO:No task found in the queue
2024-04-25 18:23:04,208:INFO:No task found in the queue
2024-04-25 18:23:05,209:INFO:No task found in the queue
2024-04-25 18:23:06,212:INFO:No task found in the queue
2024-04-25 18:23:07,213:INFO:No task found in the queue
2024-04-25 18:23:08,216:INFO:No task found in the queue
2024-04-25 18:23:09,217:INFO:No task found in the queue
2024-04-25 18:23:10,219:INFO:No task found in the queue
2024-04-25 18:23:11,219:INFO:No task found in the queue
2024-04-25 18:23:12,222:INFO:No task found in the queue
2024-04-25 18:23:13,224:INFO:No task found in the queue
2024-04-25 18:23:14,227:INFO:No task found in the queue
2024-04-25 18:23:15,229:INFO:No task found in the queue
2024-04-25 18:23:16,232:INFO:No task found in the queue
2024-04-25 18:23:17,233:INFO:No task found in the queue
2024-04-25 18:23:18,238:INFO:No task found in the queue
2024-04-25 18:23:19,240:INFO:No task found in the queue
2024-04-25 18:23:20,242:INFO:No task found in the queue
2024-04-25 18:23:21,244:INFO:No task found in the queue
2024-04-25 18:23:22,246:INFO:No task found in the queue
2024-04-25 18:23:23,248:INFO:No task found in the queue
2024-04-25 18:23:24,248:INFO:No task found in the queue
2024-04-25 18:23:25,250:INFO:No task found in the queue
2024-04-25 18:23:26,252:INFO:No task found in the queue
2024-04-25 18:23:27,253:INFO:No task found in the queue
2024-04-25 18:23:28,255:INFO:No task found in the queue
2024-04-25 18:23:29,257:INFO:No task found in the queue
2024-04-25 18:23:30,258:INFO:No task found in the queue
2024-04-25 18:23:31,259:INFO:No task found in the queue
2024-04-25 18:23:32,262:INFO:No task found in the queue
2024-04-25 18:23:33,264:INFO:No task found in the queue
2024-04-25 18:23:34,265:INFO:No task found in the queue
2024-04-25 18:23:35,268:INFO:No task found in the queue
2024-04-25 18:23:36,269:INFO:No task found in the queue
2024-04-25 18:23:37,270:INFO:No task found in the queue
2024-04-25 18:23:38,272:INFO:No task found in the queue
2024-04-25 18:23:39,274:INFO:No task found in the queue
2024-04-25 18:23:40,275:INFO:No task found in the queue
2024-04-25 18:23:41,278:INFO:No task found in the queue
2024-04-25 18:23:42,278:INFO:No task found in the queue
2024-04-25 18:23:43,281:INFO:No task found in the queue
2024-04-25 18:23:44,283:INFO:No task found in the queue
2024-04-25 18:23:45,285:INFO:No task found in the queue
2024-04-25 18:23:46,287:INFO:No task found in the queue
2024-04-25 18:23:47,288:INFO:No task found in the queue
2024-04-25 18:23:48,291:INFO:No task found in the queue
2024-04-25 18:23:49,292:INFO:No task found in the queue
2024-04-25 18:23:50,294:INFO:No task found in the queue
2024-04-25 18:23:51,296:INFO:No task found in the queue
2024-04-25 18:23:52,297:INFO:No task found in the queue
2024-04-25 18:23:53,299:INFO:No task found in the queue
2024-04-25 18:23:54,301:INFO:No task found in the queue
2024-04-25 18:23:55,301:INFO:No task found in the queue
2024-04-25 18:23:56,304:INFO:No task found in the queue
2024-04-25 18:23:57,305:INFO:No task found in the queue
2024-04-25 18:23:58,308:INFO:No task found in the queue
2024-04-25 18:23:59,310:INFO:No task found in the queue
2024-04-25 18:24:00,312:INFO:No task found in the queue
2024-04-25 18:24:01,313:INFO:No task found in the queue
2024-04-25 18:24:02,314:INFO:No task found in the queue
2024-04-25 18:24:03,316:INFO:No task found in the queue
2024-04-25 18:24:04,317:INFO:No task found in the queue
2024-04-25 18:24:05,320:INFO:No task found in the queue
2024-04-25 18:24:06,323:INFO:No task found in the queue
2024-04-25 18:24:07,325:INFO:No task found in the queue
2024-04-25 18:24:08,326:INFO:No task found in the queue
2024-04-25 18:24:09,327:INFO:No task found in the queue
2024-04-25 18:24:10,329:INFO:No task found in the queue
2024-04-25 18:24:11,331:INFO:No task found in the queue
2024-04-25 18:24:12,332:INFO:No task found in the queue
2024-04-25 18:24:13,336:INFO:No task found in the queue
2024-04-25 18:24:14,338:INFO:No task found in the queue
2024-04-25 18:24:15,341:INFO:No task found in the queue
2024-04-25 18:24:16,345:INFO:No task found in the queue
2024-04-25 18:24:17,350:INFO:No task found in the queue
2024-04-25 18:24:18,354:INFO:No task found in the queue
2024-04-25 18:24:19,355:INFO:No task found in the queue
2024-04-25 18:24:20,365:INFO:No task found in the queue
2024-04-25 18:24:21,367:INFO:No task found in the queue
2024-04-25 18:24:22,367:INFO:No task found in the queue
2024-04-25 18:24:23,370:INFO:No task found in the queue
2024-04-25 18:24:24,372:INFO:No task found in the queue
2024-04-25 18:24:25,375:INFO:No task found in the queue
2024-04-25 18:24:26,377:INFO:No task found in the queue
2024-04-25 18:24:27,379:INFO:No task found in the queue
2024-04-25 18:24:28,381:INFO:No task found in the queue
2024-04-25 18:24:29,382:INFO:No task found in the queue
2024-04-25 18:24:30,384:INFO:No task found in the queue
2024-04-25 18:24:31,386:INFO:No task found in the queue
2024-04-25 18:24:32,386:INFO:No task found in the queue
2024-04-25 18:24:33,388:INFO:No task found in the queue
2024-04-25 18:24:34,389:INFO:No task found in the queue
2024-04-25 18:24:35,391:INFO:No task found in the queue
2024-04-25 18:24:36,393:INFO:No task found in the queue
2024-04-25 18:24:37,394:INFO:No task found in the queue
2024-04-25 18:24:38,396:INFO:No task found in the queue
2024-04-25 18:24:39,397:INFO:No task found in the queue
2024-04-25 18:24:40,399:INFO:No task found in the queue
2024-04-25 18:24:41,399:INFO:No task found in the queue
2024-04-25 18:24:42,402:INFO:No task found in the queue
2024-04-25 18:24:43,404:INFO:No task found in the queue
2024-04-25 18:24:44,405:INFO:No task found in the queue
2024-04-25 18:24:45,406:INFO:No task found in the queue
2024-04-25 18:24:46,411:INFO:No task found in the queue
2024-04-25 18:24:47,413:INFO:No task found in the queue
2024-04-25 18:24:48,415:INFO:No task found in the queue
2024-04-25 18:24:49,416:INFO:No task found in the queue
2024-04-25 18:24:50,418:INFO:No task found in the queue
2024-04-25 18:24:51,420:INFO:No task found in the queue
2024-04-25 18:24:52,421:INFO:No task found in the queue
2024-04-25 18:24:53,423:INFO:No task found in the queue
2024-04-25 18:24:54,424:INFO:No task found in the queue
2024-04-25 18:24:55,426:INFO:No task found in the queue
2024-04-25 18:24:56,428:INFO:No task found in the queue
2024-04-25 18:24:57,430:INFO:No task found in the queue
2024-04-25 18:24:58,432:INFO:No task found in the queue
2024-04-25 18:24:59,434:INFO:No task found in the queue
2024-04-25 18:25:00,435:INFO:No task found in the queue
2024-04-25 18:25:01,438:INFO:No task found in the queue
2024-04-25 18:25:02,439:INFO:No task found in the queue
2024-04-25 18:25:03,441:INFO:No task found in the queue
2024-04-25 18:25:04,442:INFO:No task found in the queue
2024-04-25 18:25:05,445:INFO:No task found in the queue
2024-04-25 18:25:06,445:INFO:No task found in the queue
2024-04-25 18:25:07,447:INFO:No task found in the queue
2024-04-25 18:25:08,448:INFO:No task found in the queue
2024-04-25 18:25:09,450:INFO:No task found in the queue
2024-04-25 18:25:10,452:INFO:No task found in the queue
2024-04-25 18:25:11,454:INFO:No task found in the queue
2024-04-25 18:25:12,455:INFO:No task found in the queue
2024-04-25 18:25:13,459:INFO:No task found in the queue
2024-04-25 18:25:14,461:INFO:No task found in the queue
2024-04-25 18:25:15,462:INFO:No task found in the queue
2024-04-25 18:25:16,464:INFO:No task found in the queue
2024-04-25 18:25:17,466:INFO:No task found in the queue
2024-04-25 18:25:18,467:INFO:No task found in the queue
2024-04-25 18:25:19,469:INFO:No task found in the queue
2024-04-25 18:25:20,471:INFO:No task found in the queue
2024-04-25 18:25:21,473:INFO:No task found in the queue
2024-04-25 18:25:22,474:INFO:No task found in the queue
2024-04-25 18:25:23,477:INFO:No task found in the queue
2024-04-25 18:25:24,481:INFO:No task found in the queue
2024-04-25 18:25:25,481:INFO:No task found in the queue
2024-04-25 18:25:26,483:INFO:No task found in the queue
2024-04-25 18:25:27,484:INFO:No task found in the queue
2024-04-25 18:25:28,486:INFO:No task found in the queue
2024-04-25 18:25:29,488:INFO:No task found in the queue
2024-04-25 18:25:30,489:INFO:No task found in the queue
2024-04-25 18:25:31,492:INFO:No task found in the queue
2024-04-25 18:25:32,493:INFO:No task found in the queue
2024-04-25 18:25:33,495:INFO:No task found in the queue
2024-04-25 18:25:34,496:INFO:No task found in the queue
2024-04-25 18:25:35,498:INFO:No task found in the queue
2024-04-25 18:25:36,499:INFO:No task found in the queue
2024-04-25 18:25:37,501:INFO:No task found in the queue
2024-04-25 18:25:38,503:INFO:No task found in the queue
2024-04-25 18:25:39,505:INFO:No task found in the queue
2024-04-25 18:25:40,505:INFO:No task found in the queue
2024-04-25 18:25:41,507:INFO:No task found in the queue
2024-04-25 18:25:42,509:INFO:No task found in the queue
2024-04-25 18:25:43,511:INFO:No task found in the queue
2024-04-25 18:25:44,513:INFO:No task found in the queue
2024-04-25 18:25:45,514:INFO:No task found in the queue
2024-04-25 18:25:46,517:INFO:No task found in the queue
2024-04-25 18:25:47,519:INFO:No task found in the queue
2024-04-25 18:25:48,521:INFO:No task found in the queue
2024-04-25 18:25:49,522:INFO:No task found in the queue
2024-04-25 18:25:50,524:INFO:No task found in the queue
2024-04-25 18:25:51,527:INFO:No task found in the queue
2024-04-25 18:25:52,528:INFO:No task found in the queue
2024-04-25 18:25:53,530:INFO:No task found in the queue
2024-04-25 18:25:54,532:INFO:No task found in the queue
2024-04-25 18:25:55,534:INFO:No task found in the queue
2024-04-25 18:25:56,535:INFO:No task found in the queue
2024-04-25 18:25:57,536:INFO:No task found in the queue
2024-04-25 18:25:58,539:INFO:No task found in the queue
2024-04-25 18:25:59,541:INFO:No task found in the queue
2024-04-25 18:26:00,543:INFO:No task found in the queue
2024-04-25 18:26:01,545:INFO:No task found in the queue
2024-04-25 18:26:02,546:INFO:No task found in the queue
2024-04-25 18:26:03,548:INFO:No task found in the queue
2024-04-25 18:26:04,550:INFO:No task found in the queue
2024-04-25 18:26:05,551:INFO:No task found in the queue
2024-04-25 18:26:06,554:INFO:No task found in the queue
2024-04-25 18:26:07,556:INFO:No task found in the queue
2024-04-25 18:26:08,558:INFO:No task found in the queue
2024-04-25 18:26:09,560:INFO:No task found in the queue
2024-04-25 18:26:10,561:INFO:No task found in the queue
2024-04-25 18:26:11,563:INFO:No task found in the queue
2024-04-25 18:26:12,564:INFO:No task found in the queue
2024-04-25 18:26:13,566:INFO:No task found in the queue
2024-04-25 18:26:14,568:INFO:No task found in the queue
2024-04-25 18:26:15,570:INFO:No task found in the queue
2024-04-25 18:26:16,571:INFO:No task found in the queue
2024-04-25 18:26:17,574:INFO:No task found in the queue
2024-04-25 18:26:18,575:INFO:No task found in the queue
2024-04-25 18:26:19,577:INFO:No task found in the queue
2024-04-25 18:26:20,579:INFO:No task found in the queue
2024-04-25 18:26:21,580:INFO:No task found in the queue
2024-04-25 18:26:22,582:INFO:No task found in the queue
2024-04-25 18:26:23,582:INFO:No task found in the queue
2024-04-25 18:26:24,585:INFO:No task found in the queue
2024-04-25 18:26:25,586:INFO:No task found in the queue
2024-04-25 18:26:26,588:INFO:No task found in the queue
2024-04-25 18:26:27,590:INFO:No task found in the queue
2024-04-25 18:26:28,591:INFO:No task found in the queue
2024-04-25 18:26:29,593:INFO:No task found in the queue
2024-04-25 18:26:30,595:INFO:No task found in the queue
2024-04-25 18:26:31,598:INFO:No task found in the queue
2024-04-25 18:26:32,599:INFO:No task found in the queue
2024-04-25 18:26:33,600:INFO:No task found in the queue
2024-04-25 18:26:34,603:INFO:No task found in the queue
2024-04-25 18:26:35,603:INFO:No task found in the queue
2024-04-25 18:26:36,606:INFO:No task found in the queue
2024-04-25 18:26:37,607:INFO:No task found in the queue
2024-04-25 18:26:38,609:INFO:No task found in the queue
2024-04-25 18:26:39,611:INFO:No task found in the queue
2024-04-25 18:26:40,611:INFO:No task found in the queue
2024-04-25 18:26:41,614:INFO:No task found in the queue
2024-04-25 18:26:42,616:INFO:No task found in the queue
2024-04-25 18:26:43,618:INFO:No task found in the queue
2024-04-25 18:26:44,620:INFO:No task found in the queue
2024-04-25 18:26:45,621:INFO:No task found in the queue
2024-04-25 18:26:46,623:INFO:No task found in the queue
2024-04-25 18:26:47,625:INFO:No task found in the queue
2024-04-25 18:26:48,627:INFO:No task found in the queue
2024-04-25 18:26:49,629:INFO:No task found in the queue
2024-04-25 18:26:50,630:INFO:No task found in the queue
2024-04-25 18:26:51,631:INFO:No task found in the queue
2024-04-25 18:26:52,634:INFO:No task found in the queue
2024-04-25 18:26:53,635:INFO:No task found in the queue
2024-04-25 18:26:54,637:INFO:No task found in the queue
2024-04-25 18:26:55,638:INFO:No task found in the queue
2024-04-25 18:26:56,641:INFO:No task found in the queue
2024-04-25 18:26:57,643:INFO:No task found in the queue
2024-04-25 18:26:58,644:INFO:No task found in the queue
2024-04-25 18:26:59,646:INFO:No task found in the queue
2024-04-25 18:27:00,648:INFO:No task found in the queue
2024-04-25 18:27:01,650:INFO:No task found in the queue
2024-04-25 18:27:02,652:INFO:No task found in the queue
2024-04-25 18:27:03,654:INFO:No task found in the queue
2024-04-25 18:27:04,656:INFO:No task found in the queue
2024-04-25 18:27:05,657:INFO:No task found in the queue
2024-04-25 18:27:06,659:INFO:No task found in the queue
2024-04-25 18:27:07,661:INFO:No task found in the queue
2024-04-25 18:27:08,662:INFO:No task found in the queue
2024-04-25 18:27:09,665:INFO:No task found in the queue
2024-04-25 18:27:10,666:INFO:No task found in the queue
2024-04-25 18:27:11,669:INFO:No task found in the queue
2024-04-25 18:27:12,670:INFO:No task found in the queue
2024-04-25 18:27:13,673:INFO:No task found in the queue
2024-04-25 18:27:14,676:INFO:No task found in the queue
2024-04-25 18:27:15,679:INFO:No task found in the queue
2024-04-25 18:27:16,680:INFO:No task found in the queue
2024-04-25 18:27:17,682:INFO:No task found in the queue
2024-04-25 18:27:18,684:INFO:No task found in the queue
2024-04-25 18:27:19,686:INFO:No task found in the queue
2024-04-25 18:27:20,691:INFO:No task found in the queue
2024-04-25 18:27:21,694:INFO:No task found in the queue
2024-04-25 18:27:22,696:INFO:No task found in the queue
2024-04-25 18:27:23,699:INFO:No task found in the queue
2024-04-25 18:27:24,701:INFO:No task found in the queue
2024-04-25 18:27:25,702:INFO:No task found in the queue
2024-04-25 18:27:26,705:INFO:No task found in the queue
2024-04-25 18:27:27,706:INFO:No task found in the queue
2024-04-25 18:27:28,708:INFO:No task found in the queue
2024-04-25 18:27:29,710:INFO:No task found in the queue
2024-04-25 18:27:30,712:INFO:No task found in the queue
2024-04-25 18:27:31,716:INFO:No task found in the queue
2024-04-25 18:27:32,719:INFO:No task found in the queue
2024-04-25 18:27:33,720:INFO:No task found in the queue
2024-04-25 18:27:34,721:INFO:No task found in the queue
2024-04-25 18:27:35,724:INFO:No task found in the queue
2024-04-25 18:27:36,726:INFO:No task found in the queue
2024-04-25 18:27:37,728:INFO:No task found in the queue
2024-04-25 18:27:38,730:INFO:No task found in the queue
2024-04-25 18:27:39,731:INFO:No task found in the queue
2024-04-25 18:27:40,733:INFO:No task found in the queue
2024-04-25 18:27:41,736:INFO:No task found in the queue
2024-04-25 18:27:42,737:INFO:No task found in the queue
2024-04-25 18:27:43,739:INFO:No task found in the queue
2024-04-25 18:27:44,741:INFO:No task found in the queue
2024-04-25 18:27:45,742:INFO:No task found in the queue
2024-04-25 18:27:46,744:INFO:No task found in the queue
2024-04-25 18:27:47,745:INFO:No task found in the queue
2024-04-25 18:27:48,747:INFO:No task found in the queue
2024-04-25 18:27:49,748:INFO:No task found in the queue
2024-04-25 18:27:50,749:INFO:No task found in the queue
2024-04-25 18:27:51,752:INFO:No task found in the queue
2024-04-25 18:27:52,753:INFO:No task found in the queue
2024-04-25 18:27:53,756:INFO:No task found in the queue
2024-04-25 18:27:54,757:INFO:No task found in the queue
2024-04-25 18:27:55,758:INFO:No task found in the queue
2024-04-25 18:27:56,760:INFO:No task found in the queue
2024-04-25 18:27:57,762:INFO:No task found in the queue
2024-04-25 18:27:58,764:INFO:No task found in the queue
2024-04-25 18:27:59,766:INFO:No task found in the queue
2024-04-25 18:28:00,768:INFO:No task found in the queue
2024-04-25 18:28:01,770:INFO:No task found in the queue
2024-04-25 18:28:02,772:INFO:No task found in the queue
2024-04-25 18:28:03,774:INFO:No task found in the queue
2024-04-25 18:28:04,774:INFO:No task found in the queue
2024-04-25 18:28:05,777:INFO:No task found in the queue
2024-04-25 18:28:06,779:INFO:No task found in the queue
2024-04-25 18:28:07,781:INFO:No task found in the queue
2024-04-25 18:28:08,783:INFO:No task found in the queue
2024-04-25 18:28:09,785:INFO:No task found in the queue
2024-04-25 18:28:10,787:INFO:No task found in the queue
2024-04-25 18:28:11,788:INFO:No task found in the queue
2024-04-25 18:28:12,788:INFO:No task found in the queue
2024-04-25 18:28:13,791:INFO:No task found in the queue
2024-04-25 18:28:14,792:INFO:No task found in the queue
2024-04-25 18:28:15,795:INFO:No task found in the queue
2024-04-25 18:28:16,797:INFO:No task found in the queue
2024-04-25 18:28:17,798:INFO:No task found in the queue
2024-04-25 18:28:18,800:INFO:No task found in the queue
2024-04-25 18:28:19,802:INFO:No task found in the queue
2024-04-25 18:28:20,802:INFO:No task found in the queue
2024-04-25 18:28:21,804:INFO:No task found in the queue
2024-04-25 18:28:22,806:INFO:No task found in the queue
2024-04-25 18:28:23,808:INFO:No task found in the queue
2024-04-25 18:28:24,811:INFO:No task found in the queue
2024-04-25 18:28:25,813:INFO:No task found in the queue
2024-04-25 18:28:26,814:INFO:No task found in the queue
2024-04-25 18:28:27,815:INFO:No task found in the queue
2024-04-25 18:28:28,817:INFO:No task found in the queue
2024-04-25 18:28:29,819:INFO:No task found in the queue
2024-04-25 18:28:30,820:INFO:No task found in the queue
2024-04-25 18:28:31,821:INFO:No task found in the queue
2024-04-25 18:28:32,823:INFO:No task found in the queue
2024-04-25 18:28:33,825:INFO:No task found in the queue
2024-04-25 18:28:34,827:INFO:No task found in the queue
2024-04-25 18:28:35,828:INFO:No task found in the queue
2024-04-25 18:28:36,831:INFO:No task found in the queue
2024-04-25 18:28:37,833:INFO:No task found in the queue
2024-04-25 18:28:38,834:INFO:No task found in the queue
2024-04-25 18:28:39,836:INFO:No task found in the queue
2024-04-25 18:28:40,838:INFO:No task found in the queue
2024-04-25 18:28:41,840:INFO:No task found in the queue
2024-04-25 18:28:42,842:INFO:No task found in the queue
2024-04-25 18:28:43,844:INFO:No task found in the queue
2024-04-25 18:28:44,846:INFO:No task found in the queue
2024-04-25 18:28:45,848:INFO:No task found in the queue
2024-04-25 18:28:46,849:INFO:No task found in the queue
2024-04-25 18:28:47,851:INFO:No task found in the queue
2024-04-25 18:28:48,853:INFO:No task found in the queue
2024-04-25 18:28:49,855:INFO:No task found in the queue
2024-04-25 18:28:50,856:INFO:No task found in the queue
2024-04-25 18:28:51,858:INFO:No task found in the queue
2024-04-25 18:28:52,860:INFO:No task found in the queue
2024-04-25 18:28:53,862:INFO:No task found in the queue
2024-04-25 18:28:54,864:INFO:No task found in the queue
2024-04-25 18:28:55,865:INFO:No task found in the queue
2024-04-25 18:28:56,867:INFO:No task found in the queue
2024-04-25 18:28:57,868:INFO:No task found in the queue
2024-04-25 18:28:58,871:INFO:No task found in the queue
2024-04-25 18:28:59,873:INFO:No task found in the queue
2024-04-25 18:29:00,875:INFO:No task found in the queue
2024-04-25 18:29:01,876:INFO:No task found in the queue
2024-04-25 18:29:02,878:INFO:No task found in the queue
2024-04-25 18:29:03,880:INFO:No task found in the queue
2024-04-25 18:29:04,882:INFO:No task found in the queue
2024-04-25 18:29:05,882:INFO:No task found in the queue
2024-04-25 18:29:06,885:INFO:No task found in the queue
2024-04-25 18:29:07,887:INFO:No task found in the queue
2024-04-25 18:29:08,889:INFO:No task found in the queue
2024-04-25 18:29:09,890:INFO:No task found in the queue
2024-04-25 18:29:10,892:INFO:No task found in the queue
2024-04-25 18:29:11,893:INFO:No task found in the queue
2024-04-25 18:29:12,895:INFO:No task found in the queue
2024-04-25 18:29:13,897:INFO:No task found in the queue
2024-04-25 18:29:14,899:INFO:No task found in the queue
2024-04-25 18:29:15,901:INFO:No task found in the queue
2024-04-25 18:29:16,903:INFO:No task found in the queue
2024-04-25 18:29:17,905:INFO:No task found in the queue
2024-04-25 18:29:18,906:INFO:No task found in the queue
2024-04-25 18:29:19,908:INFO:No task found in the queue
2024-04-25 18:29:20,910:INFO:No task found in the queue
2024-04-25 18:29:21,911:INFO:No task found in the queue
2024-04-25 18:29:22,913:INFO:No task found in the queue
2024-04-25 18:29:23,915:INFO:No task found in the queue
2024-04-25 18:29:24,917:INFO:No task found in the queue
2024-04-25 18:29:25,918:INFO:No task found in the queue
2024-04-25 18:29:26,920:INFO:No task found in the queue
2024-04-25 18:29:27,922:INFO:No task found in the queue
2024-04-25 18:29:28,924:INFO:No task found in the queue
2024-04-25 18:29:29,925:INFO:No task found in the queue
2024-04-25 18:29:30,928:INFO:No task found in the queue
2024-04-25 18:29:31,929:INFO:No task found in the queue
2024-04-25 18:29:32,930:INFO:No task found in the queue
2024-04-25 18:29:33,933:INFO:No task found in the queue
2024-04-25 18:29:34,935:INFO:No task found in the queue
2024-04-25 18:29:35,935:INFO:No task found in the queue
2024-04-25 18:29:36,938:INFO:No task found in the queue
2024-04-25 18:29:37,940:INFO:No task found in the queue
2024-04-25 18:29:38,942:INFO:No task found in the queue
2024-04-25 18:29:39,944:INFO:No task found in the queue
2024-04-25 18:29:40,945:INFO:No task found in the queue
2024-04-25 18:29:41,947:INFO:No task found in the queue
2024-04-25 18:29:42,949:INFO:No task found in the queue
2024-04-25 18:29:43,951:INFO:No task found in the queue
2024-04-25 18:29:44,952:INFO:No task found in the queue
2024-04-25 18:29:45,955:INFO:No task found in the queue
2024-04-25 18:29:46,956:INFO:No task found in the queue
2024-04-25 18:29:47,958:INFO:No task found in the queue
2024-04-25 18:29:48,959:INFO:No task found in the queue
2024-04-25 18:29:49,961:INFO:No task found in the queue
2024-04-25 18:29:50,963:INFO:No task found in the queue
2024-04-25 18:29:51,963:INFO:No task found in the queue
2024-04-25 18:29:52,965:INFO:No task found in the queue
2024-04-25 18:29:53,967:INFO:No task found in the queue
2024-04-25 18:29:54,969:INFO:No task found in the queue
2024-04-25 18:29:55,970:INFO:No task found in the queue
2024-04-25 18:29:56,972:INFO:No task found in the queue
2024-04-25 18:29:57,974:INFO:No task found in the queue
2024-04-25 18:29:58,975:INFO:No task found in the queue
2024-04-25 18:29:59,977:INFO:No task found in the queue
2024-04-25 18:30:00,979:INFO:No task found in the queue
2024-04-25 18:30:01,981:INFO:No task found in the queue
2024-04-25 18:30:02,983:INFO:No task found in the queue
2024-04-25 18:30:03,985:INFO:No task found in the queue
2024-04-25 18:30:04,986:INFO:No task found in the queue
2024-04-25 18:30:05,987:INFO:No task found in the queue
2024-04-25 18:30:06,990:INFO:No task found in the queue
2024-04-25 18:30:07,991:INFO:No task found in the queue
2024-04-25 18:30:08,996:INFO:No task found in the queue
2024-04-25 18:30:09,997:INFO:No task found in the queue
2024-04-25 18:30:10,999:INFO:No task found in the queue
2024-04-25 18:30:12,003:INFO:No task found in the queue
2024-04-25 18:30:13,005:INFO:No task found in the queue
2024-04-25 18:30:14,008:INFO:No task found in the queue
2024-04-25 18:30:15,011:INFO:No task found in the queue
2024-04-25 18:30:16,013:INFO:No task found in the queue
2024-04-25 18:30:17,013:INFO:No task found in the queue
2024-04-25 18:30:18,014:INFO:No task found in the queue
2024-04-25 18:30:19,017:INFO:No task found in the queue
2024-04-25 18:30:20,018:INFO:No task found in the queue
2024-04-25 18:30:21,018:INFO:No task found in the queue
2024-04-25 18:30:22,020:INFO:No task found in the queue
2024-04-25 18:30:23,022:INFO:No task found in the queue
2024-04-25 18:30:24,023:INFO:No task found in the queue
2024-04-25 18:30:25,025:INFO:No task found in the queue
2024-04-25 18:30:26,027:INFO:No task found in the queue
2024-04-25 18:30:27,037:INFO:No task found in the queue
2024-04-25 18:30:28,040:INFO:No task found in the queue
2024-04-25 18:30:29,041:INFO:No task found in the queue
2024-04-25 18:30:30,043:INFO:No task found in the queue
2024-04-25 18:30:31,045:INFO:No task found in the queue
2024-04-25 18:30:32,047:INFO:No task found in the queue
2024-04-25 18:30:33,048:INFO:No task found in the queue
2024-04-25 18:30:34,049:INFO:No task found in the queue
2024-04-25 18:30:35,052:INFO:No task found in the queue
2024-04-25 18:30:36,053:INFO:No task found in the queue
2024-04-25 18:30:37,056:INFO:No task found in the queue
2024-04-25 18:30:38,058:INFO:No task found in the queue
2024-04-25 18:30:39,059:INFO:No task found in the queue
2024-04-25 18:30:40,060:INFO:No task found in the queue
2024-04-25 18:30:41,061:INFO:No task found in the queue
2024-04-25 18:30:42,063:INFO:No task found in the queue
2024-04-25 18:30:43,065:INFO:No task found in the queue
2024-04-25 18:30:44,067:INFO:No task found in the queue
2024-04-25 18:30:45,068:INFO:No task found in the queue
2024-04-25 18:30:46,070:INFO:No task found in the queue
2024-04-25 18:30:47,071:INFO:No task found in the queue
2024-04-25 18:30:48,073:INFO:No task found in the queue
2024-04-25 18:30:49,076:INFO:No task found in the queue
2024-04-25 18:30:50,078:INFO:No task found in the queue
2024-04-25 18:30:51,079:INFO:No task found in the queue
2024-04-25 18:30:52,079:INFO:No task found in the queue
2024-04-25 18:30:53,082:INFO:No task found in the queue
2024-04-25 18:30:54,082:INFO:No task found in the queue
2024-04-25 18:30:55,084:INFO:No task found in the queue
2024-04-25 18:30:56,087:INFO:No task found in the queue
2024-04-25 18:30:57,088:INFO:No task found in the queue
2024-04-25 18:30:58,089:INFO:No task found in the queue
2024-04-25 18:30:59,091:INFO:No task found in the queue
2024-04-25 18:31:00,094:INFO:No task found in the queue
2024-04-25 18:31:01,096:INFO:No task found in the queue
2024-04-25 18:31:02,097:INFO:No task found in the queue
2024-04-25 18:31:03,099:INFO:No task found in the queue
2024-04-25 18:31:04,101:INFO:No task found in the queue
2024-04-25 18:31:05,101:INFO:No task found in the queue
2024-04-25 18:31:06,102:INFO:No task found in the queue
2024-04-25 18:31:07,105:INFO:No task found in the queue
2024-04-25 18:31:08,106:INFO:No task found in the queue
2024-04-25 18:31:09,108:INFO:No task found in the queue
2024-04-25 18:31:10,109:INFO:No task found in the queue
2024-04-25 18:31:11,110:INFO:No task found in the queue
2024-04-25 18:31:12,112:INFO:No task found in the queue
2024-04-25 18:31:13,114:INFO:No task found in the queue
2024-04-25 18:31:14,116:INFO:No task found in the queue
2024-04-25 18:31:15,117:INFO:No task found in the queue
2024-04-25 18:31:16,120:INFO:No task found in the queue
2024-04-25 18:31:17,121:INFO:No task found in the queue
2024-04-25 18:31:18,122:INFO:No task found in the queue
2024-04-25 18:31:19,124:INFO:No task found in the queue
2024-04-25 18:31:20,126:INFO:No task found in the queue
2024-04-25 18:31:21,126:INFO:No task found in the queue
2024-04-25 18:31:22,128:INFO:No task found in the queue
2024-04-25 18:31:23,130:INFO:No task found in the queue
2024-04-25 18:31:24,131:INFO:No task found in the queue
2024-04-25 18:31:25,134:INFO:No task found in the queue
2024-04-25 18:31:26,135:INFO:No task found in the queue
2024-04-25 18:31:27,137:INFO:No task found in the queue
2024-04-25 18:31:28,138:INFO:No task found in the queue
2024-04-25 18:31:29,140:INFO:No task found in the queue
2024-04-25 18:31:30,142:INFO:No task found in the queue
2024-04-25 18:31:31,144:INFO:No task found in the queue
2024-04-25 18:31:32,145:INFO:No task found in the queue
2024-04-25 18:31:33,147:INFO:No task found in the queue
2024-04-25 18:31:34,149:INFO:No task found in the queue
2024-04-25 18:31:35,150:INFO:No task found in the queue
2024-04-25 18:31:36,151:INFO:No task found in the queue
2024-04-25 18:31:37,154:INFO:No task found in the queue
2024-04-25 18:31:38,155:INFO:No task found in the queue
2024-04-25 18:31:39,156:INFO:No task found in the queue
2024-04-25 18:31:40,159:INFO:No task found in the queue
2024-04-25 18:31:41,160:INFO:No task found in the queue
2024-04-25 18:31:42,162:INFO:No task found in the queue
2024-04-25 18:31:43,164:INFO:No task found in the queue
2024-04-25 18:31:44,165:INFO:No task found in the queue
2024-04-25 18:31:45,168:INFO:No task found in the queue
2024-04-25 18:31:46,169:INFO:No task found in the queue
2024-04-25 18:31:47,171:INFO:No task found in the queue
2024-04-25 18:31:48,173:INFO:No task found in the queue
2024-04-25 18:31:49,175:INFO:No task found in the queue
2024-04-25 18:31:50,177:INFO:No task found in the queue
2024-04-25 18:31:51,179:INFO:No task found in the queue
2024-04-25 18:31:52,181:INFO:No task found in the queue
2024-04-25 18:31:53,182:INFO:No task found in the queue
2024-04-25 18:31:54,184:INFO:No task found in the queue
2024-04-25 18:31:55,187:INFO:No task found in the queue
2024-04-25 18:31:56,189:INFO:No task found in the queue
2024-04-25 18:31:57,191:INFO:No task found in the queue
2024-04-25 18:31:58,192:INFO:No task found in the queue
2024-04-25 18:31:59,194:INFO:No task found in the queue
2024-04-25 18:32:00,196:INFO:No task found in the queue
2024-04-25 18:32:01,198:INFO:No task found in the queue
2024-04-25 18:32:02,200:INFO:No task found in the queue
2024-04-25 18:32:03,201:INFO:No task found in the queue
2024-04-25 18:32:04,203:INFO:No task found in the queue
2024-04-25 18:32:05,206:INFO:No task found in the queue
2024-04-25 18:32:06,207:INFO:No task found in the queue
2024-04-25 18:32:07,209:INFO:No task found in the queue
2024-04-25 18:32:08,211:INFO:No task found in the queue
2024-04-25 18:32:09,213:INFO:No task found in the queue
2024-04-25 18:32:10,214:INFO:No task found in the queue
2024-04-25 18:32:11,216:INFO:No task found in the queue
2024-04-25 18:32:12,217:INFO:No task found in the queue
2024-04-25 18:32:13,218:INFO:No task found in the queue
2024-04-25 18:32:14,221:INFO:No task found in the queue
2024-04-25 18:32:15,223:INFO:No task found in the queue
2024-04-25 18:32:16,224:INFO:No task found in the queue
2024-04-25 18:32:17,226:INFO:No task found in the queue
2024-04-25 18:32:18,228:INFO:No task found in the queue
2024-04-25 18:32:19,229:INFO:No task found in the queue
2024-04-25 18:32:20,231:INFO:No task found in the queue
2024-04-25 18:32:21,233:INFO:No task found in the queue
2024-04-25 18:32:22,234:INFO:No task found in the queue
2024-04-25 18:32:23,236:INFO:No task found in the queue
2024-04-25 18:32:24,238:INFO:No task found in the queue
2024-04-25 18:32:25,241:INFO:No task found in the queue
2024-04-25 18:32:26,243:INFO:No task found in the queue
2024-04-25 18:32:27,246:INFO:No task found in the queue
2024-04-25 18:32:28,249:INFO:No task found in the queue
2024-04-25 18:32:29,252:INFO:No task found in the queue
2024-04-25 18:32:30,254:INFO:No task found in the queue
2024-04-25 18:32:31,258:INFO:No task found in the queue
2024-04-25 18:32:32,261:INFO:No task found in the queue
2024-04-25 18:32:33,262:INFO:No task found in the queue
2024-04-25 18:32:34,264:INFO:No task found in the queue
2024-04-25 18:32:35,266:INFO:No task found in the queue
2024-04-25 18:32:36,268:INFO:No task found in the queue
2024-04-25 18:32:37,269:INFO:No task found in the queue
2024-04-25 18:32:38,272:INFO:No task found in the queue
2024-04-25 18:32:39,275:INFO:No task found in the queue
2024-04-25 18:32:40,277:INFO:No task found in the queue
2024-04-25 18:32:41,279:INFO:No task found in the queue
2024-04-25 18:32:42,283:INFO:No task found in the queue
2024-04-25 18:32:43,285:INFO:No task found in the queue
2024-04-25 18:32:44,288:INFO:No task found in the queue
2024-04-25 18:32:45,290:INFO:No task found in the queue
2024-04-25 18:32:46,295:INFO:No task found in the queue
2024-04-25 18:32:47,297:INFO:No task found in the queue
2024-04-25 18:32:48,299:INFO:No task found in the queue
2024-04-25 18:32:49,303:INFO:No task found in the queue
2024-04-25 18:32:50,305:INFO:No task found in the queue
2024-04-25 18:32:51,307:INFO:No task found in the queue
2024-04-25 18:32:52,311:INFO:No task found in the queue
2024-04-25 18:32:53,313:INFO:No task found in the queue
2024-04-25 18:32:54,315:INFO:No task found in the queue
2024-04-25 18:32:55,317:INFO:No task found in the queue
2024-04-25 18:32:56,320:INFO:No task found in the queue
2024-04-25 18:32:57,321:INFO:No task found in the queue
2024-04-25 18:32:58,324:INFO:No task found in the queue
2024-04-25 18:32:59,326:INFO:No task found in the queue
2024-04-25 18:33:00,328:INFO:No task found in the queue
2024-04-25 18:33:01,330:INFO:No task found in the queue
2024-04-25 18:33:02,332:INFO:No task found in the queue
2024-04-25 18:33:03,334:INFO:No task found in the queue
2024-04-25 18:33:04,337:INFO:No task found in the queue
2024-04-25 18:33:05,338:INFO:No task found in the queue
2024-04-25 18:33:06,343:INFO:No task found in the queue
2024-04-25 18:33:07,345:INFO:No task found in the queue
2024-04-25 18:33:08,347:INFO:No task found in the queue
2024-04-25 18:33:09,348:INFO:No task found in the queue
2024-04-25 18:33:10,350:INFO:No task found in the queue
2024-04-25 18:33:11,352:INFO:No task found in the queue
2024-04-25 18:33:12,354:INFO:No task found in the queue
2024-04-25 18:33:13,357:INFO:No task found in the queue
2024-04-25 18:33:14,358:INFO:No task found in the queue
2024-04-25 18:33:15,360:INFO:No task found in the queue
2024-04-25 18:33:16,361:INFO:No task found in the queue
2024-04-25 18:33:17,363:INFO:No task found in the queue
2024-04-25 18:33:18,364:INFO:No task found in the queue
2024-04-25 18:33:19,366:INFO:No task found in the queue
2024-04-25 18:33:20,367:INFO:No task found in the queue
2024-04-25 18:33:21,369:INFO:No task found in the queue
2024-04-25 18:33:22,371:INFO:No task found in the queue
2024-04-25 18:33:23,372:INFO:No task found in the queue
2024-04-25 18:33:24,374:INFO:No task found in the queue
2024-04-25 18:33:25,376:INFO:No task found in the queue
2024-04-25 18:33:26,378:INFO:No task found in the queue
2024-04-25 18:33:27,380:INFO:No task found in the queue
2024-04-25 18:33:28,381:INFO:No task found in the queue
2024-04-25 18:33:29,383:INFO:No task found in the queue
2024-04-25 18:33:30,386:INFO:No task found in the queue
2024-04-25 18:33:31,388:INFO:No task found in the queue
2024-04-25 18:33:32,391:INFO:No task found in the queue
2024-04-25 18:33:33,393:INFO:No task found in the queue
2024-04-25 18:33:34,395:INFO:No task found in the queue
2024-04-25 18:33:35,397:INFO:No task found in the queue
2024-04-25 18:33:36,398:INFO:No task found in the queue
2024-04-25 18:33:37,400:INFO:No task found in the queue
2024-04-25 18:33:38,401:INFO:No task found in the queue
